ch_Alumnos	04/01/2018	16:01:15		Alumno Administ se une a Alumnos
ch_Alumnos	04/01/2018	16:14:30		Alumno Administ se une a Alumnos
ch_Alumnos	04/01/2018	16:31:24		Alumno Administ se une a Alumnos
ch_Alumnos	08/01/2018	17:01:03		Alumno Administ se une a Alumnos
ch_Alumnos	23/04/2018	19:44:10		Alumno Administ se une a Alumnos
ch_Alumnos	31/05/2018	20:54:14		ALUMNO ADMINIST se une a Alumnos
ch_Alumnos	01/06/2018	15:47:56		ALUMNO ADMINIST se une a Alumnos
ch_Alumnos	06/06/2018	21:53:06		ARTURO TORRES C se une a Alumnos
ch_Alumnos	07/06/2018	01:14:45		ARTURO TORRES C se une a Alumnos
ch_Alumnos	07/06/2018	01:27:14		ARTURO TORRES C se une a Alumnos
ch_Alumnos	07/06/2018	03:36:46		ARTURO TORRES C se une a Alumnos
ch_Alumnos	07/06/2018	17:40:19		ARTURO TORRES C se une a Alumnos
ch_Alumnos	07/06/2018	18:42:48		ARTURO TORRES C se une a Alumnos
ch_Alumnos	07/06/2018	21:33:54		ARTURO TORRES C se une a Alumnos
ch_Alumnos	07/06/2018	21:46:08		ARTURO TORRES C se une a Alumnos
ch_Alumnos	07/06/2018	21:51:47		ARTURO TORRES C se une a Alumnos
ch_Alumnos	08/06/2018	02:55:29		ARTURO TORRES C se une a Alumnos
ch_Alumnos	08/06/2018	05:50:10		ARTURO TORRES C se une a Alumnos
ch_Alumnos	08/06/2018	17:18:18		ARTURO TORRES C se une a Alumnos
ch_Alumnos	08/06/2018	23:52:15		ARTURO TORRES C se une a Alumnos
ch_Alumnos	09/06/2018	02:25:35		ARTURO TORRES C se une a Alumnos
ch_Alumnos	09/06/2018	03:01:41		ARTURO TORRES C se une a Alumnos
ch_Alumnos	09/06/2018	03:10:58		ARTURO TORRES C se une a Alumnos
ch_Alumnos	10/06/2018	05:58:16		ARTURO TORRES C se une a Alumnos
ch_Alumnos	10/06/2018	07:47:54		ARTURO TORRES C se une a Alumnos
ch_Alumnos	10/06/2018	11:55:58		ARTURO TORRES C se une a Alumnos
ch_Alumnos	10/06/2018	21:40:17		ARTURO TORRES C se une a Alumnos
ch_Alumnos	11/06/2018	02:54:47		ARTURO TORRES C se une a Alumnos
ch_Alumnos	11/06/2018	02:56:33		ARTURO TORRES C se une a Alumnos
ch_Alumnos	11/06/2018	07:23:25		ARTURO TORRES C se une a Alumnos
ch_Alumnos	11/06/2018	07:59:59		ARTURO TORRES C se une a Alumnos
ch_Alumnos	11/06/2018	16:14:51		ARTURO TORRES C se une a Alumnos
ch_Alumnos	11/06/2018	17:32:46		ARTURO TORRES C se une a Alumnos
ch_Alumnos	11/06/2018	18:25:12		ARTURO TORRES C se une a Alumnos
ch_Alumnos	12/06/2018	22:30:59		ARTURO TORRES C se une a Alumnos
ch_Alumnos	12/06/2018	23:05:50		ARTURO TORRES C se une a Alumnos
ch_Alumnos	14/06/2018	22:43:28		ARTURO TORRES C se une a Alumnos
ch_Alumnos	02/07/2018	16:04:48		ARTURO TORRES C se une a Alumnos
ch_Alumnos	22/12/2018	09:47:44		JORGE DIAZ CASA se une a Alumnos
ch_Alumnos	22/12/2018	09:54:04		JORGE DIAZ CASA se une a Alumnos
ch_Alumnos	26/12/2018	18:27:17		JORGE DIAZ CASA se une a Alumnos
ch_Alumnos	26/12/2018	20:26:42	JORGE DIAZ CASA	Buenas noches
ch_Alumnos	28/12/2018	09:17:18		JORGE DIAZ CASA se une a Alumnos
ch_Alumnos	29/12/2018	08:56:53		JORGE DIAZ CASA se une a Alumnos
ch_Alumnos	02/01/2019	15:43:30		JORGE DIAZ CASA se une a Alumnos
ch_Alumnos	03/01/2019	17:25:42		JORGE DIAZ CASA se une a Alumnos
ch_Alumnos	04/01/2019	11:06:30		JORGE DIAZ CASA se une a Alumnos
ch_Alumnos	08/01/2019	08:59:28		JORGE DIAZ CASA se une a Alumnos
ch_Alumnos	15/01/2019	16:23:18		JORGE DIAZ CASA se une a Alumnos
ch_Alumnos	24/07/2019	15:34:56		JORGE DIAZ CASA se une a Alumnos
ch_Alumnos	24/07/2019	18:04:31		JORGE DIAZ CASA se une a Alumnos
ch_Alumnos	25/07/2019	08:50:21		JORGE DIAZ CASA se une a Alumnos
ch_Alumnos	25/07/2019	10:07:17		JORGE DIAZ CASA se une a Alumnos
ch_Alumnos	25/07/2019	10:15:19		JORGE DIAZ CASA se une a Alumnos
ch_Alumnos	20/08/2019	16:18:28		GIOVANNI ANTONI se une a Alumnos
ch_Alumnos	20/08/2019	18:23:51		GIOVANNI ANTONI se une a Alumnos
ch_Alumnos	22/08/2019	21:15:07		GIOVANNI ANTONI se une a Alumnos
ch_Alumnos	23/08/2019	10:02:26		JORGE LUIS OJED se une a Alumnos
