ch_Alumnos	10/11/2017	01:39:47		Alumno Cajas se une a Alumnos
ch_Alumnos	07/12/2017	19:02:01		Alumno Cajas AG se une a Alumnos
ch_Alumnos	07/12/2017	19:18:01		Alumno Cajas se une a Alumnos
ch_Alumnos	08/12/2017	20:11:36		Diplomado Caja se une a Alumnos
ch_Alumnos	13/12/2017	16:40:01		Arturo Torres C se une a Alumnos
ch_Alumnos	13/12/2017	23:24:56		Alumno Cajas AG se une a Alumnos
ch_Alumnos	22/12/2017	19:07:47		Alumno Cajas AG se une a Alumnos
ch_Alumnos	22/12/2017	19:26:01		Alumno Cajas AG se une a Alumnos
ch_Alumnos	22/12/2017	21:03:02		Alumno Cajas AG se une a Alumnos
ch_Alumnos	22/12/2017	22:24:40		Alumno Cajas AG se une a Alumnos
ch_Alumnos	23/12/2017	01:00:41		Alumno Cajas AG se une a Alumnos
ch_Alumnos	23/12/2017	18:26:38		Alumno Cajas AG se une a Alumnos
ch_Alumnos	27/12/2017	01:21:48		Alumno Cajas AG se une a Alumnos
ch_Alumnos	27/12/2017	21:51:07		Alumno Cajas AG se une a Alumnos
ch_Alumnos	27/12/2017	22:26:45		Alumno Cajas AG se une a Alumnos
ch_Alumnos	27/12/2017	22:57:43		Alumno Cajas AG se une a Alumnos
ch_Alumnos	28/12/2017	01:26:19		Alumno Cajas AG se une a Alumnos
ch_Alumnos	28/12/2017	18:08:44		Alumno Cajas AG se une a Alumnos
ch_Alumnos	28/12/2017	21:28:14		Alumno Cajas AG se une a Alumnos
ch_Alumnos	28/12/2017	22:06:27		Alumno Cajas AG se une a Alumnos
ch_Alumnos	28/12/2017	22:21:10		Alumno Cajas AG se une a Alumnos
ch_Alumnos	28/12/2017	22:57:29		Alumno Cajas AG se une a Alumnos
ch_Alumnos	19/03/2018	18:58:15		jazmin garzonca se une a Alumnos
ch_Alumnos	27/04/2018	16:49:18		Alumno Cajas se une a Alumnos
ch_Alumnos	09/05/2018	15:48:21		ALTA CAJA se une a Alumnos
ch_Alumnos	09/05/2018	19:53:17		Alumno Cajas AG se une a Alumnos
ch_Alumnos	09/05/2018	19:53:25	Alumno Cajas AG	ALTA CAJA desconectado (timeout)
ch_Alumnos	09/05/2018	19:54:27	Alumno Cajas AG	ALTA CAJA desconectado (timeout)
ch_Alumnos	09/05/2018	19:55:20		Alumno Cajas AG se une a Alumnos
ch_Alumnos	10/05/2018	18:38:14		ALTA CAJA se une a Alumnos
ch_Alumnos	15/05/2018	17:04:53		ALTA CAJA se une a Alumnos
ch_Alumnos	01/06/2018	20:20:27		ALUMNO CAJAS AG se une a Alumnos
ch_Alumnos	05/06/2018	16:02:10		ALTA CAJA se une a Alumnos
ch_Alumnos	05/06/2018	17:46:58		ALTA CAJA se une a Alumnos
ch_Alumnos	05/06/2018	18:49:05		ALTA CAJA se une a Alumnos
ch_Alumnos	05/06/2018	19:39:03		ALTA CAJA se une a Alumnos
ch_Alumnos	06/06/2018	21:46:14		ARTURO TORRES C se une a Alumnos
ch_Alumnos	07/06/2018	16:33:36		ALTA CAJA se une a Alumnos
ch_Alumnos	07/06/2018	19:30:07		ALTA CAJA se une a Alumnos
ch_Alumnos	08/06/2018	18:18:53		ALTA CAJA se une a Alumnos
ch_Alumnos	12/06/2018	15:17:09		ALTA CAJA se une a Alumnos
ch_Alumnos	12/06/2018	16:09:30		ALTA CAJA se une a Alumnos
ch_Alumnos	12/06/2018	17:18:33		ALTA CAJA se une a Alumnos
ch_Alumnos	13/06/2018	18:55:23		ALTA CAJA se une a Alumnos
ch_Alumnos	14/06/2018	15:38:44		ALTA CAJA se une a Alumnos
ch_Alumnos	14/06/2018	18:33:20		ALTA CAJA se une a Alumnos
ch_Alumnos	14/06/2018	23:40:48		Elva Lopez Gonz se une a Alumnos
ch_Alumnos	15/06/2018	14:43:47		ALTA CAJA se une a Alumnos
ch_Alumnos	15/06/2018	14:57:02		Elva Lopez Gonz se une a Alumnos
ch_Alumnos	15/06/2018	15:42:56		ALTA CAJA se une a Alumnos
ch_Alumnos	15/06/2018	17:26:09		JAZMIN GARZON F se une a Alumnos
ch_Alumnos	15/06/2018	17:47:02		ALUMNO CAJAS AG se une a Alumnos
ch_Alumnos	15/06/2018	17:47:43	ALTA CAJA	ALUMNO CAJAS AG desconectado (timeout)
ch_Alumnos	15/06/2018	17:49:22	ALTA CAJA	ALUMNO CAJAS AG desconectado (timeout)
ch_Alumnos	15/06/2018	23:29:59		ALUMNO CAJAS AG se une a Alumnos
ch_Alumnos	18/06/2018	16:35:30		ALTA CAJA se une a Alumnos
ch_Alumnos	19/06/2018	18:08:11		Jose Alejandro se une a Alumnos
ch_Alumnos	19/06/2018	18:43:34		César Ivan Iba se une a Alumnos
ch_Alumnos	19/06/2018	18:53:01	Jose Alejandro	César Ivan Iba desconectado (timeout)
ch_Alumnos	20/06/2018	15:24:28		ALTA CAJA se une a Alumnos
ch_Alumnos	20/06/2018	17:14:46		ALTA CAJA se une a Alumnos
ch_Alumnos	20/06/2018	18:15:31		Jose Alejandro se une a Alumnos
ch_Alumnos	28/06/2018	18:57:23		ALTA CAJA se une a Alumnos
ch_Alumnos	11/09/2018	11:59:14		Wendy Palazuelo se une a Alumnos
ch_Alumnos	12/09/2018	13:27:31		ADMIN CAJAS 105 se une a Alumnos
ch_Alumnos	13/09/2018	10:59:49		ADMIN CAJAS 105 se une a Alumnos
ch_Alumnos	19/09/2018	11:43:43		magali lopez me se une a Alumnos
ch_Alumnos	24/09/2018	10:50:38		ADMIN CAJAS 105 se une a Alumnos
ch_Alumnos	24/09/2018	11:33:09		Gilberto Rodrig se une a Alumnos
ch_Alumnos	24/09/2018	11:49:20	ADMIN CAJAS 105	Gilberto Rodrig desconectado (timeout)
ch_Alumnos	25/09/2018	09:40:11		alumno prueba p se une a Alumnos
ch_Alumnos	25/09/2018	09:51:44		ALUMNO CAJAS AG se une a Alumnos
ch_Alumnos	25/09/2018	09:56:45		ADMIN CAJAS 105 se une a Alumnos
ch_Alumnos	25/09/2018	09:57:22	ALUMNO CAJAS AG	ADMIN CAJAS 105 desconectado (timeout)
ch_Alumnos	25/09/2018	10:02:21	ALUMNO CAJAS AG	ADMIN CAJAS 105 desconectado (timeout)
ch_Alumnos	09/10/2018	08:12:27		ALTA CAJA se une a Alumnos
ch_Alumnos	11/10/2018	10:42:56		ALTA CAJA se une a Alumnos
ch_Alumnos	13/10/2018	11:13:24		RUTH GUADALUPE se une a Alumnos
ch_Alumnos	13/10/2018	11:45:04		ALTA CAJA se une a Alumnos
ch_Alumnos	15/10/2018	09:06:06		ALTA CAJA se une a Alumnos
ch_Alumnos	16/10/2018	11:10:13		ALTA CAJA se une a Alumnos
ch_Alumnos	19/10/2018	22:11:32		ROSARIO ADILENE se une a Alumnos
ch_Alumnos	19/10/2018	22:23:21		ROSARIO ADILENE se une a Alumnos
ch_Alumnos	23/10/2018	09:46:49		CRISTIAN YOVANY se une a Alumnos
ch_Alumnos	23/10/2018	10:07:47		ALTA CAJA se une a Alumnos
ch_Alumnos	23/10/2018	13:34:02		CRISTIAN YOVANY se une a Alumnos
ch_Alumnos	24/10/2018	11:25:01		CRISTIAN YOVANY se une a Alumnos
ch_Alumnos	24/10/2018	12:46:46		ADMIN CAJAS 108 se une a Alumnos
ch_Alumnos	24/10/2018	14:37:32		MERCEDES LOPEZ se une a Alumnos
ch_Alumnos	26/10/2018	16:18:38		ADMIN CAJAS 129 se une a Alumnos
ch_Alumnos	27/10/2018	09:46:37		SONIA ESTELA HE se une a Alumnos
ch_Alumnos	29/10/2018	17:13:31		RAQUEL GUTIERRE se une a Alumnos
ch_Alumnos	30/10/2018	08:41:14		ADMIN CAJAS 129 se une a Alumnos
ch_Alumnos	30/10/2018	10:01:18		ADMIN CAJAS 129 se une a Alumnos
ch_Alumnos	30/10/2018	15:02:17		RAQUEL GUTIERRE se une a Alumnos
ch_Alumnos	30/10/2018	15:33:28		RAQUEL GUTIERRE se une a Alumnos
ch_Alumnos	31/10/2018	14:14:21		RAQUEL GUTIERRE se une a Alumnos
ch_Alumnos	31/10/2018	16:42:46		RAQUEL GUTIERRE se une a Alumnos
ch_Alumnos	05/11/2018	08:19:32		NADIA GUADALUPE se une a Alumnos
ch_Alumnos	05/11/2018	10:49:46		NADIA GUADALUPE se une a Alumnos
ch_Alumnos	05/11/2018	12:51:00		NADIA GUADALUPE se une a Alumnos
ch_Alumnos	05/11/2018	16:38:17		NADIA GUADALUPE se une a Alumnos
ch_Alumnos	06/11/2018	15:52:53		ADMIN CAJAS 108 se une a Alumnos
ch_Alumnos	08/11/2018	18:51:52		ADMIN CAJAS 123 se une a Alumnos
ch_Alumnos	10/11/2018	12:56:46		ADMIN CAJAS 123 se une a Alumnos
ch_Alumnos	10/11/2018	12:57:10	ADMIN CAJAS 123	HOLA
ch_Alumnos	15/11/2018	19:04:11		ADMIN CAJAS 131 se une a Alumnos
ch_Alumnos	30/11/2018	11:07:22		sheyla carol ri se une a Alumnos
ch_Alumnos	08/12/2018	08:58:47		sheyla carol ri se une a Alumnos
ch_Alumnos	14/12/2018	16:01:30		JESUS FERNANDO se une a Alumnos
ch_Alumnos	15/12/2018	09:16:43		ADMIN CAJAS 129 se une a Alumnos
ch_Alumnos	19/12/2018	11:59:41		ABIGAIL ACOSTA se une a Alumnos
ch_Alumnos	19/12/2018	15:51:40		Abigail Acosta se une a Alumnos
ch_Alumnos	20/12/2018	08:41:26		Abigail Acosta se une a Alumnos
ch_Alumnos	08/01/2019	10:31:34		FATIMA BARRANCA se une a Alumnos
ch_Alumnos	11/01/2019	09:50:15		FATIMA BARRANCA se une a Alumnos
ch_Alumnos	15/01/2019	10:21:40		rutt argelia  b se une a Alumnos
ch_Alumnos	17/01/2019	09:52:32		FATIMA BARRANCA se une a Alumnos
ch_Alumnos	22/01/2019	12:48:23		FATIMA BARRANCA se une a Alumnos
ch_Alumnos	23/01/2019	16:09:44		ADMIN CAJAS 129 se une a Alumnos
ch_Alumnos	24/01/2019	10:31:29		ELENA LOPEZ LEY se une a Alumnos
ch_Alumnos	11/02/2019	10:29:20		ADMIN CAJAS 108 se une a Alumnos
ch_Alumnos	16/03/2019	13:05:10		ADMIN CAJAS 108 se une a Alumnos
ch_Alumnos	21/03/2019	15:51:29		ADMIN CAJAS 108 se une a Alumnos
ch_Alumnos	08/04/2019	11:13:16		ADMIN CAJAS 108 se une a Alumnos
ch_Alumnos	04/05/2019	17:03:09		RAQUEL GUTIERRE se une a Alumnos
ch_Alumnos	08/05/2019	17:55:01		ADMIN CAJAS 108 se une a Alumnos
ch_Alumnos	25/05/2019	09:48:37		ADMIN CAJAS 129 se une a Alumnos
ch_Alumnos	19/12/2019	18:07:27		ADMIN CAJAS 289 se une a Alumnos
ch_Alumnos	26/02/2020	16:01:09		Anahi Soto Neva se une a Alumnos
ch_Alumnos	27/02/2020	15:35:43		Jose Alejandro se une a Alumnos
ch_Alumnos	07/03/2020	11:24:41		Jose Alejandro se une a Alumnos
ch_Alumnos	16/04/2020	10:25:08		ADMIN CAJAS 108 se une a Alumnos
ch_Alumnos	16/04/2020	10:56:57		ADMIN CAJAS 108 se une a Alumnos
ch_Alumnos	21/04/2020	10:21:34		ADMIN CAJAS 108 se une a Alumnos
ch_Alumnos	21/04/2020	10:43:24		ADMIN CAJAS 108 se une a Alumnos
ch_Alumnos	22/04/2020	10:58:19		ADMIN CAJAS 108 se une a Alumnos
ch_Alumnos	23/04/2020	15:58:46		ADMIN CAJAS 108 se une a Alumnos
ch_Alumnos	10/11/2020	17:32:11		ADMIN CAJAS 108 se une a Alumnos
ch_Alumnos	11/11/2020	15:18:55		ADMIN CAJAS 108 se une a Alumnos
ch_Alumnos	11/11/2020	17:38:43		jaime gibran to se une a Alumnos
ch_Alumnos	11/11/2020	18:03:18		jaime gibran to se une a Alumnos
ch_Alumnos	11/11/2020	18:46:08		alumno prueba p se une a Alumnos
ch_Alumnos	11/11/2020	18:57:20	alumno prueba p	jaime gibran to desconectado (timeout)
ch_Alumnos	12/11/2020	11:12:12		alumno prueba p se une a Alumnos
ch_Alumnos	12/11/2020	11:33:33		alumno prueba p se une a Alumnos
ch_Alumnos	12/11/2020	11:49:52		alumno prueba p se une a Alumnos
ch_Alumnos	12/11/2020	18:26:40		alumno prueba p se une a Alumnos
ch_Alumnos	13/11/2020	09:38:44		alumno prueba p se une a Alumnos
ch_Alumnos	13/11/2020	14:26:53		jazmin yamileth se une a Alumnos
ch_Alumnos	13/11/2020	17:00:37		jazmin yamileth se une a Alumnos
ch_Alumnos	14/11/2020	09:44:23		jazmin yamileth se une a Alumnos
ch_Alumnos	14/11/2020	11:01:45		jazmin yamileth se une a Alumnos
ch_Alumnos	14/11/2020	11:08:58		jazmin yamileth se une a Alumnos
ch_Alumnos	14/11/2020	14:01:30		JOSE BENITO CIG se une a Alumnos
ch_Alumnos	14/11/2020	14:02:09	jazmin yamileth	JOSE BENITO CIG desconectado (timeout)
ch_Alumnos	17/11/2020	00:16:38		jazmin yamileth se une a Alumnos
ch_Alumnos	24/11/2020	11:39:48		ADMIN CAJAS 251 se une a Alumnos
ch_Alumnos	24/11/2020	17:06:15		ADMIN CAJAS 251 se une a Alumnos
ch_Alumnos	27/11/2020	13:31:47		ADMIN CAJAS 251 se une a Alumnos
ch_Alumnos	28/11/2020	09:58:54		ADMIN CAJAS 251 se une a Alumnos
ch_Alumnos	30/11/2020	10:53:00		ADMIN CAJAS 251 se une a Alumnos
ch_Alumnos	30/11/2020	11:51:27		cinthia nohemi se une a Alumnos
ch_Alumnos	05/12/2020	11:51:49		ADMIN CAJAS 178 se une a Alumnos
ch_Alumnos	09/12/2020	09:29:28		Jesus antonio g se une a Alumnos
ch_Alumnos	09/12/2020	10:02:31		Jesus antonio g se une a Alumnos
ch_Alumnos	09/12/2020	10:17:36		Jesus antonio g se une a Alumnos
ch_Alumnos	09/12/2020	10:25:03		Jesus antonio g se une a Alumnos
ch_Alumnos	09/12/2020	12:32:43		Jesus antonio g se une a Alumnos
ch_Alumnos	10/12/2020	17:33:26		ADMIN CAJAS 178 se une a Alumnos
ch_Alumnos	11/12/2020	12:00:45		ADMIN CAJAS 178 se une a Alumnos
ch_Alumnos	14/12/2020	11:51:32		Rodolfo Esau Co se une a Alumnos
ch_Alumnos	14/12/2020	18:00:30		Aaron Ismael Sa se une a Alumnos
ch_Alumnos	15/12/2020	12:58:52		Rodolfo Esau Co se une a Alumnos
ch_Alumnos	15/12/2020	20:23:44		Rodolfo Esau Co se une a Alumnos
ch_Alumnos	16/12/2020	13:06:21		NAOMI BERNAL EC se une a Alumnos
ch_Alumnos	17/12/2020	18:06:26		Rodolfo Esau Co se une a Alumnos
ch_Alumnos	17/12/2020	22:36:46		Aaron Ismael Sa se une a Alumnos
ch_Alumnos	17/12/2020	23:16:09		Aaron Ismael Sa se une a Alumnos
ch_Alumnos	19/12/2020	06:50:14		Rodolfo Esau Co se une a Alumnos
ch_Alumnos	20/12/2020	21:25:15		Aaron Ismael Sa se une a Alumnos
ch_Alumnos	24/12/2020	11:23:59		ADMIN CAJAS 108 se une a Alumnos
ch_Alumnos	28/12/2020	13:46:18		Rodolfo Esau Co se une a Alumnos
ch_Alumnos	06/01/2021	11:37:23		ALTA CAJA se une a Alumnos
ch_Alumnos	06/01/2021	11:45:41		Lizbeth Araujo se une a Alumnos
ch_Alumnos	06/01/2021	13:19:37		ALTA CAJA se une a Alumnos
ch_Alumnos	06/01/2021	13:25:26	Lizbeth Araujo	ALTA CAJA desconectado (timeout)
ch_Alumnos	06/01/2021	14:36:07		Lizbeth Araujo se une a Alumnos
ch_Alumnos	06/01/2021	14:43:43		Lizbeth Araujo se une a Alumnos
ch_Alumnos	07/01/2021	10:00:58		Lizbeth Araujo se une a Alumnos
ch_Alumnos	08/01/2021	09:48:30		Lizbeth Araujo se une a Alumnos
ch_Alumnos	08/01/2021	10:04:52		ADMIN CAJAS 108 se une a Alumnos
ch_Alumnos	08/01/2021	10:06:18	Lizbeth Araujo	ADMIN CAJAS 108 desconectado (timeout)
ch_Alumnos	08/01/2021	11:55:52	Lizbeth Araujo	ADMIN CAJAS 108 desconectado (timeout)
ch_Alumnos	09/01/2021	08:04:55		ADMIN CAJAS 108 se une a Alumnos
ch_Alumnos	11/01/2021	10:31:33		ADMIN CAJAS 251 se une a Alumnos
ch_Alumnos	11/01/2021	11:09:38		ADMIN CAJAS 251 se une a Alumnos
ch_Alumnos	11/01/2021	11:40:08		ADMIN CAJAS 251 se une a Alumnos
ch_Alumnos	12/01/2021	09:42:54		ADMIN CAJAS 129 se une a Alumnos
ch_Alumnos	12/01/2021	09:48:21	ADMIN CAJAS 251	ADMIN CAJAS 129 desconectado (timeout)
ch_Alumnos	12/01/2021	09:49:15	ADMIN CAJAS 251	ADMIN CAJAS 129 desconectado (timeout)
ch_Alumnos	12/01/2021	09:57:37	ADMIN CAJAS 251	ADMIN CAJAS 129 desconectado (timeout)
ch_Alumnos	12/01/2021	09:59:48	ADMIN CAJAS 251	ADMIN CAJAS 129 desconectado (timeout)
ch_Alumnos	12/01/2021	10:57:59		ADMIN CAJAS 108 se une a Alumnos
ch_Alumnos	12/01/2021	13:17:55	ADMIN CAJAS 251	ADMIN CAJAS 108 desconectado (timeout)
ch_Alumnos	12/01/2021	14:13:04	ADMIN CAJAS 251	ADMIN CAJAS 108 desconectado (timeout)
ch_Alumnos	12/01/2021	14:50:25	ADMIN CAJAS 251	ADMIN CAJAS 108 desconectado (timeout)
ch_Alumnos	12/01/2021	14:54:11	ADMIN CAJAS 251	ADMIN CAJAS 108 desconectado (timeout)
ch_Alumnos	12/01/2021	15:41:07	ADMIN CAJAS 108	ADMIN CAJAS 251 desconectado (timeout)
ch_Alumnos	12/01/2021	15:46:02	ADMIN CAJAS 108	ADMIN CAJAS 251 desconectado (timeout)
ch_Alumnos	12/01/2021	15:47:26	ADMIN CAJAS 108	ADMIN CAJAS 251 desconectado (timeout)
ch_Alumnos	12/01/2021	16:14:39		ADMIN CAJAS 251 se une a Alumnos
ch_Alumnos	12/01/2021	16:17:30	ADMIN CAJAS 251	ADMIN CAJAS 108 desconectado (timeout)
ch_Alumnos	12/01/2021	16:18:44	ADMIN CAJAS 251	ADMIN CAJAS 108 desconectado (timeout)
ch_Alumnos	12/01/2021	16:43:49	ADMIN CAJAS 251	ADMIN CAJAS 108 desconectado (timeout)
ch_Alumnos	12/01/2021	16:45:01	ADMIN CAJAS 251	ADMIN CAJAS 108 desconectado (timeout)
ch_Alumnos	12/01/2021	17:09:56	ADMIN CAJAS 251	ADMIN CAJAS 108 desconectado (timeout)
ch_Alumnos	12/01/2021	17:10:50	ADMIN CAJAS 251	ADMIN CAJAS 108 desconectado (timeout)
ch_Alumnos	12/01/2021	17:36:52	ADMIN CAJAS 251	ADMIN CAJAS 108 desconectado (timeout)
ch_Alumnos	12/01/2021	17:37:35	ADMIN CAJAS 251	ADMIN CAJAS 108 desconectado (timeout)
ch_Alumnos	12/01/2021	18:28:10	ADMIN CAJAS 251	ADMIN CAJAS 108 desconectado (timeout)
ch_Alumnos	12/01/2021	19:19:52	ADMIN CAJAS 251	ADMIN CAJAS 108 desconectado (timeout)
ch_Alumnos	12/01/2021	19:46:40	ADMIN CAJAS 251	ADMIN CAJAS 108 desconectado (timeout)
ch_Alumnos	12/01/2021	20:11:39	ADMIN CAJAS 251	ADMIN CAJAS 108 desconectado (timeout)
ch_Alumnos	12/01/2021	20:38:15	ADMIN CAJAS 251	ADMIN CAJAS 108 desconectado (timeout)
ch_Alumnos	12/01/2021	21:04:36	ADMIN CAJAS 251	ADMIN CAJAS 108 desconectado (timeout)
ch_Alumnos	12/01/2021	21:05:18	ADMIN CAJAS 251	ADMIN CAJAS 108 desconectado (timeout)
ch_Alumnos	12/01/2021	22:05:50	ADMIN CAJAS 251	ADMIN CAJAS 108 desconectado (timeout)
ch_Alumnos	12/01/2021	22:06:41	ADMIN CAJAS 251	ADMIN CAJAS 108 desconectado (timeout)
ch_Alumnos	12/01/2021	22:31:38	ADMIN CAJAS 251	ADMIN CAJAS 108 desconectado (timeout)
ch_Alumnos	12/01/2021	22:32:34	ADMIN CAJAS 251	ADMIN CAJAS 108 desconectado (timeout)
ch_Alumnos	12/01/2021	22:58:38	ADMIN CAJAS 251	ADMIN CAJAS 108 desconectado (timeout)
ch_Alumnos	12/01/2021	22:59:18	ADMIN CAJAS 251	ADMIN CAJAS 108 desconectado (timeout)
ch_Alumnos	12/01/2021	23:24:27	ADMIN CAJAS 251	ADMIN CAJAS 108 desconectado (timeout)
ch_Alumnos	12/01/2021	23:25:58	ADMIN CAJAS 251	ADMIN CAJAS 108 desconectado (timeout)
ch_Alumnos	13/01/2021	00:42:09	ADMIN CAJAS 251	ADMIN CAJAS 108 desconectado (timeout)
ch_Alumnos	13/01/2021	00:43:38	ADMIN CAJAS 251	ADMIN CAJAS 108 desconectado (timeout)
ch_Alumnos	13/01/2021	01:09:28	ADMIN CAJAS 251	ADMIN CAJAS 108 desconectado (timeout)
ch_Alumnos	13/01/2021	01:22:13	ADMIN CAJAS 251	ADMIN CAJAS 108 desconectado (timeout)
ch_Alumnos	13/01/2021	03:17:22	ADMIN CAJAS 251	ADMIN CAJAS 108 desconectado (timeout)
ch_Alumnos	13/01/2021	03:18:16	ADMIN CAJAS 251	ADMIN CAJAS 108 desconectado (timeout)
ch_Alumnos	13/01/2021	04:08:43	ADMIN CAJAS 251	ADMIN CAJAS 108 desconectado (timeout)
ch_Alumnos	13/01/2021	04:09:57	ADMIN CAJAS 251	ADMIN CAJAS 108 desconectado (timeout)
ch_Alumnos	13/01/2021	04:34:51	ADMIN CAJAS 251	ADMIN CAJAS 108 desconectado (timeout)
ch_Alumnos	13/01/2021	04:35:57	ADMIN CAJAS 251	ADMIN CAJAS 108 desconectado (timeout)
ch_Alumnos	13/01/2021	12:26:23		ADMIN CAJAS 251 se une a Alumnos
ch_Alumnos	13/01/2021	12:39:37	ADMIN CAJAS 251	ADMIN CAJAS 108 desconectado (timeout)
ch_Alumnos	13/01/2021	12:40:26	ADMIN CAJAS 251	ADMIN CAJAS 108 desconectado (timeout)
ch_Alumnos	13/01/2021	12:53:10	ADMIN CAJAS 108	ADMIN CAJAS 251 desconectado (timeout)
ch_Alumnos	13/01/2021	13:52:06		ADMIN CAJAS 251 se une a Alumnos
ch_Alumnos	13/01/2021	13:56:45	ADMIN CAJAS 251	ADMIN CAJAS 108 desconectado (timeout)
ch_Alumnos	13/01/2021	14:22:54	ADMIN CAJAS 251	ADMIN CAJAS 108 desconectado (timeout)
ch_Alumnos	13/01/2021	14:23:34	ADMIN CAJAS 251	ADMIN CAJAS 108 desconectado (timeout)
ch_Alumnos	13/01/2021	15:14:16	ADMIN CAJAS 251	ADMIN CAJAS 108 desconectado (timeout)
ch_Alumnos	13/01/2021	15:15:05	ADMIN CAJAS 251	ADMIN CAJAS 108 desconectado (timeout)
ch_Alumnos	13/01/2021	15:40:07	ADMIN CAJAS 251	ADMIN CAJAS 108 desconectado (timeout)
ch_Alumnos	13/01/2021	15:40:51	ADMIN CAJAS 251	ADMIN CAJAS 108 desconectado (timeout)
ch_Alumnos	13/01/2021	16:05:50	ADMIN CAJAS 251	ADMIN CAJAS 108 desconectado (timeout)
ch_Alumnos	13/01/2021	16:10:51	ADMIN CAJAS 108	ADMIN CAJAS 251 desconectado (timeout)
ch_Alumnos	13/01/2021	16:18:56	ADMIN CAJAS 108	ADMIN CAJAS 251 desconectado (timeout)
ch_Alumnos	13/01/2021	16:32:22	ADMIN CAJAS 251	ADMIN CAJAS 108 desconectado (timeout)
ch_Alumnos	13/01/2021	16:33:13	ADMIN CAJAS 251	ADMIN CAJAS 108 desconectado (timeout)
ch_Alumnos	13/01/2021	16:58:25	ADMIN CAJAS 251	ADMIN CAJAS 108 desconectado (timeout)
ch_Alumnos	13/01/2021	16:59:08	ADMIN CAJAS 251	ADMIN CAJAS 108 desconectado (timeout)
ch_Alumnos	13/01/2021	17:24:02	ADMIN CAJAS 251	ADMIN CAJAS 108 desconectado (timeout)
ch_Alumnos	13/01/2021	17:25:01	ADMIN CAJAS 251	ADMIN CAJAS 108 desconectado (timeout)
ch_Alumnos	13/01/2021	17:49:47	ADMIN CAJAS 251	ADMIN CAJAS 108 desconectado (timeout)
ch_Alumnos	13/01/2021	17:51:01	ADMIN CAJAS 251	ADMIN CAJAS 108 desconectado (timeout)
ch_Alumnos	13/01/2021	18:15:57	ADMIN CAJAS 251	ADMIN CAJAS 108 desconectado (timeout)
ch_Alumnos	13/01/2021	18:16:55	ADMIN CAJAS 251	ADMIN CAJAS 108 desconectado (timeout)
ch_Alumnos	13/01/2021	18:41:59	ADMIN CAJAS 251	ADMIN CAJAS 108 desconectado (timeout)
ch_Alumnos	13/01/2021	18:42:51	ADMIN CAJAS 251	ADMIN CAJAS 108 desconectado (timeout)
ch_Alumnos	13/01/2021	19:35:00	ADMIN CAJAS 251	ADMIN CAJAS 108 desconectado (timeout)
ch_Alumnos	13/01/2021	19:36:43	ADMIN CAJAS 251	ADMIN CAJAS 108 desconectado (timeout)
ch_Alumnos	13/01/2021	20:00:38	ADMIN CAJAS 251	ADMIN CAJAS 108 desconectado (timeout)
ch_Alumnos	13/01/2021	20:01:55	ADMIN CAJAS 251	ADMIN CAJAS 108 desconectado (timeout)
ch_Alumnos	13/01/2021	20:26:45	ADMIN CAJAS 251	ADMIN CAJAS 108 desconectado (timeout)
ch_Alumnos	13/01/2021	20:27:36	ADMIN CAJAS 251	ADMIN CAJAS 108 desconectado (timeout)
ch_Alumnos	13/01/2021	21:44:21	ADMIN CAJAS 251	ADMIN CAJAS 108 desconectado (timeout)
ch_Alumnos	13/01/2021	21:45:03	ADMIN CAJAS 251	ADMIN CAJAS 108 desconectado (timeout)
ch_Alumnos	13/01/2021	22:09:41	ADMIN CAJAS 251	ADMIN CAJAS 108 desconectado (timeout)
ch_Alumnos	13/01/2021	22:35:58	ADMIN CAJAS 251	ADMIN CAJAS 108 desconectado (timeout)
ch_Alumnos	13/01/2021	22:37:04	ADMIN CAJAS 251	ADMIN CAJAS 108 desconectado (timeout)
ch_Alumnos	13/01/2021	23:27:54	ADMIN CAJAS 251	ADMIN CAJAS 108 desconectado (timeout)
ch_Alumnos	13/01/2021	23:28:54	ADMIN CAJAS 251	ADMIN CAJAS 108 desconectado (timeout)
ch_Alumnos	14/01/2021	00:07:22	ADMIN CAJAS 251	ADMIN CAJAS 108 desconectado (timeout)
ch_Alumnos	14/01/2021	00:08:37	ADMIN CAJAS 251	ADMIN CAJAS 108 desconectado (timeout)
ch_Alumnos	14/01/2021	00:33:26	ADMIN CAJAS 251	ADMIN CAJAS 108 desconectado (timeout)
ch_Alumnos	14/01/2021	00:34:20	ADMIN CAJAS 251	ADMIN CAJAS 108 desconectado (timeout)
ch_Alumnos	14/01/2021	00:59:08	ADMIN CAJAS 251	ADMIN CAJAS 108 desconectado (timeout)
ch_Alumnos	14/01/2021	01:00:20	ADMIN CAJAS 251	ADMIN CAJAS 108 desconectado (timeout)
ch_Alumnos	14/01/2021	01:24:42	ADMIN CAJAS 251	ADMIN CAJAS 108 desconectado (timeout)
ch_Alumnos	14/01/2021	01:26:03	ADMIN CAJAS 251	ADMIN CAJAS 108 desconectado (timeout)
ch_Alumnos	14/01/2021	01:51:04	ADMIN CAJAS 251	ADMIN CAJAS 108 desconectado (timeout)
ch_Alumnos	14/01/2021	01:52:54	ADMIN CAJAS 251	ADMIN CAJAS 108 desconectado (timeout)
ch_Alumnos	14/01/2021	02:17:41	ADMIN CAJAS 251	ADMIN CAJAS 108 desconectado (timeout)
ch_Alumnos	14/01/2021	02:18:43	ADMIN CAJAS 251	ADMIN CAJAS 108 desconectado (timeout)
ch_Alumnos	14/01/2021	02:43:40	ADMIN CAJAS 251	ADMIN CAJAS 108 desconectado (timeout)
ch_Alumnos	15/01/2021	11:48:58		ADMIN CAJAS 251 se une a Alumnos
ch_Alumnos	15/01/2021	12:20:40		ALTA CAJA se une a Alumnos
ch_Alumnos	18/01/2021	12:31:09		ALTA CAJA se une a Alumnos
ch_Alumnos	18/01/2021	13:16:30		astrid ramos ga se une a Alumnos
ch_Alumnos	20/01/2021	11:09:01		ALTA CAJA se une a Alumnos
ch_Alumnos	20/01/2021	11:15:15		ALTA CAJA se une a Alumnos
ch_Alumnos	21/01/2021	09:40:34		ADMIN CAJAS 108 se une a Alumnos
ch_Alumnos	21/01/2021	15:15:31		ALTA CAJA se une a Alumnos
ch_Alumnos	21/01/2021	16:32:47		lorena avila to se une a Alumnos
ch_Alumnos	21/01/2021	16:37:55		lorena avila to se une a Alumnos
ch_Alumnos	22/01/2021	09:00:22		ADMIN CAJAS 108 se une a Alumnos
ch_Alumnos	22/01/2021	09:23:07		ADMIN CAJAS 108 se une a Alumnos
ch_Alumnos	22/01/2021	09:25:18		lorena avila to se une a Alumnos
ch_Alumnos	22/01/2021	09:25:55	ADMIN CAJAS 108	lorena avila to desconectado (timeout)
ch_Alumnos	22/01/2021	10:00:39		lorena avila to se une a Alumnos
ch_Alumnos	22/01/2021	10:01:16	ADMIN CAJAS 108	lorena avila to desconectado (timeout)
ch_Alumnos	22/01/2021	10:20:57		lorena avila to se une a Alumnos
ch_Alumnos	22/01/2021	13:03:59		ADMIN CAJAS 108 se une a Alumnos
ch_Alumnos	22/01/2021	17:05:23		lorena avila to se une a Alumnos
ch_Alumnos	22/01/2021	17:06:31	ADMIN CAJAS 108	lorena avila to desconectado (timeout)
ch_Alumnos	23/01/2021	08:08:32		ADMIN CAJAS 108 se une a Alumnos
ch_Alumnos	23/01/2021	10:34:28		ADMIN CAJAS 178 se une a Alumnos
ch_Alumnos	23/01/2021	11:27:57		NESTOR ARMANDO se une a Alumnos
ch_Alumnos	25/01/2021	10:23:54		ADMIN CAJAS 100 se une a Alumnos
ch_Alumnos	25/01/2021	18:13:04		GLENDA YURIRIA se une a Alumnos
ch_Alumnos	25/01/2021	18:46:33		GLENDA YURIRIA se une a Alumnos
ch_Alumnos	27/01/2021	09:40:19		ADMIN CAJAS 251 se une a Alumnos
ch_Alumnos	27/01/2021	11:53:26		ADMIN CAJAS 119 se une a Alumnos
ch_Alumnos	27/01/2021	15:17:48		lorena avila to se une a Alumnos
ch_Alumnos	28/01/2021	10:38:39		lorena avila to se une a Alumnos
ch_Alumnos	01/02/2021	16:26:49		ESMERALDA GUADA se une a Alumnos
ch_Alumnos	02/02/2021	15:36:33		ADMIN CAJAS 100 se une a Alumnos
ch_Alumnos	06/02/2021	13:21:05		mayra lucero ma se une a Alumnos
ch_Alumnos	08/02/2021	10:42:39		lorena avila to se une a Alumnos
ch_Alumnos	10/02/2021	16:06:31		ALTA CAJA se une a Alumnos
ch_Alumnos	11/02/2021	15:54:32		LIZBETH YARELY se une a Alumnos
ch_Alumnos	12/02/2021	09:05:27		ADMIN CAJAS 108 se une a Alumnos
ch_Alumnos	13/02/2021	07:40:13		ADMIN CAJAS 108 se une a Alumnos
ch_Alumnos	23/02/2021	10:13:22		ADMIN CAJAS 100 se une a Alumnos
ch_Alumnos	23/02/2021	13:48:00		ADMIN CAJAS 100 se une a Alumnos
ch_Alumnos	24/02/2021	11:32:37		ADMIN CAJAS 100 se une a Alumnos
ch_Alumnos	24/02/2021	12:18:02		NAOMI BERNAL EC se une a Alumnos
ch_Alumnos	24/02/2021	16:14:56		ALTA CAJA se une a Alumnos
ch_Alumnos	24/02/2021	16:15:42	ALTA CAJA	ADMIN CAJAS 100 desconectado (timeout)
ch_Alumnos	25/02/2021	08:20:24		MARILY LOPEZ RE se une a Alumnos
ch_Alumnos	25/02/2021	08:33:26		MARILY LOPEZ RE se une a Alumnos
ch_Alumnos	25/02/2021	08:46:42	MARILY LOPEZ RE	ADMIN CAJAS 100 desconectado (timeout)
ch_Alumnos	25/02/2021	08:47:44	MARILY LOPEZ RE	ADMIN CAJAS 100 desconectado (timeout)
ch_Alumnos	25/02/2021	08:48:42	MARILY LOPEZ RE	ADMIN CAJAS 100 desconectado (timeout)
ch_Alumnos	25/02/2021	08:49:43	MARILY LOPEZ RE	ADMIN CAJAS 100 desconectado (timeout)
ch_Alumnos	25/02/2021	08:50:43	MARILY LOPEZ RE	ADMIN CAJAS 100 desconectado (timeout)
ch_Alumnos	25/02/2021	08:51:44	MARILY LOPEZ RE	ADMIN CAJAS 100 desconectado (timeout)
ch_Alumnos	25/02/2021	08:52:42	MARILY LOPEZ RE	ADMIN CAJAS 100 desconectado (timeout)
ch_Alumnos	25/02/2021	08:53:44	MARILY LOPEZ RE	ADMIN CAJAS 100 desconectado (timeout)
ch_Alumnos	25/02/2021	08:54:46	MARILY LOPEZ RE	ADMIN CAJAS 100 desconectado (timeout)
ch_Alumnos	25/02/2021	08:55:46	MARILY LOPEZ RE	ADMIN CAJAS 100 desconectado (timeout)
ch_Alumnos	25/02/2021	08:56:44	MARILY LOPEZ RE	ADMIN CAJAS 100 desconectado (timeout)
ch_Alumnos	25/02/2021	08:57:44	MARILY LOPEZ RE	ADMIN CAJAS 100 desconectado (timeout)
ch_Alumnos	25/02/2021	09:07:44	MARILY LOPEZ RE	ADMIN CAJAS 100 desconectado (timeout)
ch_Alumnos	25/02/2021	09:08:44	MARILY LOPEZ RE	ADMIN CAJAS 100 desconectado (timeout)
ch_Alumnos	25/02/2021	09:09:41	MARILY LOPEZ RE	ADMIN CAJAS 100 desconectado (timeout)
ch_Alumnos	25/02/2021	09:10:43	MARILY LOPEZ RE	ADMIN CAJAS 100 desconectado (timeout)
ch_Alumnos	25/02/2021	09:11:41	MARILY LOPEZ RE	ADMIN CAJAS 100 desconectado (timeout)
ch_Alumnos	25/02/2021	09:12:41	MARILY LOPEZ RE	ADMIN CAJAS 100 desconectado (timeout)
ch_Alumnos	25/02/2021	09:13:45	MARILY LOPEZ RE	ADMIN CAJAS 100 desconectado (timeout)
ch_Alumnos	25/02/2021	09:15:02	ADMIN CAJAS 100	MARILY LOPEZ RE desconectado (timeout)
ch_Alumnos	25/02/2021	09:16:59	ADMIN CAJAS 100	MARILY LOPEZ RE desconectado (timeout)
ch_Alumnos	25/02/2021	09:18:59	ADMIN CAJAS 100	MARILY LOPEZ RE desconectado (timeout)
ch_Alumnos	25/02/2021	09:20:59	ADMIN CAJAS 100	MARILY LOPEZ RE desconectado (timeout)
ch_Alumnos	25/02/2021	09:22:59	ADMIN CAJAS 100	MARILY LOPEZ RE desconectado (timeout)
ch_Alumnos	25/02/2021	09:25:41	MARILY LOPEZ RE	ADMIN CAJAS 100 desconectado (timeout)
ch_Alumnos	25/02/2021	09:26:44	MARILY LOPEZ RE	ADMIN CAJAS 100 desconectado (timeout)
ch_Alumnos	25/02/2021	09:27:44	MARILY LOPEZ RE	ADMIN CAJAS 100 desconectado (timeout)
ch_Alumnos	25/02/2021	09:28:44	MARILY LOPEZ RE	ADMIN CAJAS 100 desconectado (timeout)
ch_Alumnos	25/02/2021	09:32:43	MARILY LOPEZ RE	ADMIN CAJAS 100 desconectado (timeout)
ch_Alumnos	25/02/2021	09:33:44	MARILY LOPEZ RE	ADMIN CAJAS 100 desconectado (timeout)
ch_Alumnos	25/02/2021	09:37:47	ADMIN CAJAS 100	MARILY LOPEZ RE desconectado (timeout)
ch_Alumnos	25/02/2021	09:38:57	ADMIN CAJAS 100	MARILY LOPEZ RE desconectado (timeout)
ch_Alumnos	25/02/2021	09:41:59	ADMIN CAJAS 100	MARILY LOPEZ RE desconectado (timeout)
ch_Alumnos	25/02/2021	09:42:48	MARILY LOPEZ RE	ADMIN CAJAS 100 desconectado (timeout)
ch_Alumnos	25/02/2021	09:43:43	MARILY LOPEZ RE	ADMIN CAJAS 100 desconectado (timeout)
ch_Alumnos	25/02/2021	09:44:44	MARILY LOPEZ RE	ADMIN CAJAS 100 desconectado (timeout)
ch_Alumnos	25/02/2021	09:45:42	MARILY LOPEZ RE	ADMIN CAJAS 100 desconectado (timeout)
ch_Alumnos	25/02/2021	09:46:45	MARILY LOPEZ RE	ADMIN CAJAS 100 desconectado (timeout)
ch_Alumnos	25/02/2021	09:47:45	MARILY LOPEZ RE	ADMIN CAJAS 100 desconectado (timeout)
ch_Alumnos	25/02/2021	09:51:44	MARILY LOPEZ RE	ADMIN CAJAS 100 desconectado (timeout)
ch_Alumnos	25/02/2021	09:52:44	MARILY LOPEZ RE	ADMIN CAJAS 100 desconectado (timeout)
ch_Alumnos	25/02/2021	09:53:44	MARILY LOPEZ RE	ADMIN CAJAS 100 desconectado (timeout)
ch_Alumnos	25/02/2021	09:54:41	MARILY LOPEZ RE	ADMIN CAJAS 100 desconectado (timeout)
ch_Alumnos	25/02/2021	09:56:59	ADMIN CAJAS 100	MARILY LOPEZ RE desconectado (timeout)
ch_Alumnos	25/02/2021	09:59:41	MARILY LOPEZ RE	ADMIN CAJAS 100 desconectado (timeout)
ch_Alumnos	25/02/2021	10:00:42	MARILY LOPEZ RE	ADMIN CAJAS 100 desconectado (timeout)
ch_Alumnos	25/02/2021	10:01:42	MARILY LOPEZ RE	ADMIN CAJAS 100 desconectado (timeout)
ch_Alumnos	25/02/2021	10:02:41	MARILY LOPEZ RE	ADMIN CAJAS 100 desconectado (timeout)
ch_Alumnos	25/02/2021	10:03:45	MARILY LOPEZ RE	ADMIN CAJAS 100 desconectado (timeout)
ch_Alumnos	26/02/2021	10:37:50		ADMIN CAJAS 108 se une a Alumnos
ch_Alumnos	26/02/2021	12:09:43		ADMIN CAJAS 108 se une a Alumnos
ch_Alumnos	04/03/2021	12:12:02		ADMIN CAJAS 278 se une a Alumnos
ch_Alumnos	09/03/2021	16:12:34		ADMIN CAJAS 100 se une a Alumnos
ch_Alumnos	11/03/2021	11:18:44		ALTA CAJA se une a Alumnos
ch_Alumnos	11/03/2021	11:24:06	ALTA CAJA	ADMIN CAJAS 108 desconectado (timeout)
ch_Alumnos	11/03/2021	11:25:04	ALTA CAJA	ADMIN CAJAS 108 desconectado (timeout)
ch_Alumnos	11/03/2021	11:26:08	ALTA CAJA	ADMIN CAJAS 108 desconectado (timeout)
ch_Alumnos	11/03/2021	11:27:06	ALTA CAJA	ADMIN CAJAS 108 desconectado (timeout)
ch_Alumnos	11/03/2021	11:28:05	ALTA CAJA	ADMIN CAJAS 108 desconectado (timeout)
ch_Alumnos	11/03/2021	11:29:09	ALTA CAJA	ADMIN CAJAS 108 desconectado (timeout)
ch_Alumnos	11/03/2021	11:30:07	ALTA CAJA	ADMIN CAJAS 108 desconectado (timeout)
ch_Alumnos	11/03/2021	11:31:05	ALTA CAJA	ADMIN CAJAS 108 desconectado (timeout)
ch_Alumnos	11/03/2021	11:32:07	ALTA CAJA	ADMIN CAJAS 108 desconectado (timeout)
ch_Alumnos	11/03/2021	11:33:05	ALTA CAJA	ADMIN CAJAS 108 desconectado (timeout)
ch_Alumnos	11/03/2021	11:34:53	ALTA CAJA	ADMIN CAJAS 108 desconectado (timeout)
ch_Alumnos	11/03/2021	11:36:53	ALTA CAJA	ADMIN CAJAS 108 desconectado (timeout)
ch_Alumnos	11/03/2021	11:38:07	ALTA CAJA	ADMIN CAJAS 108 desconectado (timeout)
ch_Alumnos	11/03/2021	11:39:04	ALTA CAJA	ADMIN CAJAS 108 desconectado (timeout)
ch_Alumnos	11/03/2021	11:40:07	ALTA CAJA	ADMIN CAJAS 108 desconectado (timeout)
ch_Alumnos	11/03/2021	11:41:05	ALTA CAJA	ADMIN CAJAS 108 desconectado (timeout)
ch_Alumnos	11/03/2021	11:42:09	ALTA CAJA	ADMIN CAJAS 108 desconectado (timeout)
ch_Alumnos	11/03/2021	11:43:07	ALTA CAJA	ADMIN CAJAS 108 desconectado (timeout)
ch_Alumnos	11/03/2021	11:44:05	ALTA CAJA	ADMIN CAJAS 108 desconectado (timeout)
ch_Alumnos	11/03/2021	11:45:09	ALTA CAJA	ADMIN CAJAS 108 desconectado (timeout)
ch_Alumnos	11/03/2021	11:46:07	ALTA CAJA	ADMIN CAJAS 108 desconectado (timeout)
ch_Alumnos	11/03/2021	11:47:05	ALTA CAJA	ADMIN CAJAS 108 desconectado (timeout)
ch_Alumnos	11/03/2021	11:48:09	ALTA CAJA	ADMIN CAJAS 108 desconectado (timeout)
ch_Alumnos	11/03/2021	11:49:07	ALTA CAJA	ADMIN CAJAS 108 desconectado (timeout)
ch_Alumnos	11/03/2021	11:50:05	ALTA CAJA	ADMIN CAJAS 108 desconectado (timeout)
ch_Alumnos	11/03/2021	11:51:09	ALTA CAJA	ADMIN CAJAS 108 desconectado (timeout)
ch_Alumnos	11/03/2021	11:52:07	ALTA CAJA	ADMIN CAJAS 108 desconectado (timeout)
ch_Alumnos	11/03/2021	11:53:05	ALTA CAJA	ADMIN CAJAS 108 desconectado (timeout)
ch_Alumnos	11/03/2021	11:54:09	ALTA CAJA	ADMIN CAJAS 108 desconectado (timeout)
ch_Alumnos	11/03/2021	11:55:07	ALTA CAJA	ADMIN CAJAS 108 desconectado (timeout)
ch_Alumnos	11/03/2021	11:56:05	ALTA CAJA	ADMIN CAJAS 108 desconectado (timeout)
ch_Alumnos	11/03/2021	11:57:10	ALTA CAJA	ADMIN CAJAS 108 desconectado (timeout)
ch_Alumnos	11/03/2021	11:58:07	ALTA CAJA	ADMIN CAJAS 108 desconectado (timeout)
ch_Alumnos	11/03/2021	11:59:05	ALTA CAJA	ADMIN CAJAS 108 desconectado (timeout)
ch_Alumnos	11/03/2021	12:00:09	ALTA CAJA	ADMIN CAJAS 108 desconectado (timeout)
ch_Alumnos	11/03/2021	12:01:07	ALTA CAJA	ADMIN CAJAS 108 desconectado (timeout)
ch_Alumnos	11/03/2021	12:02:07	ALTA CAJA	ADMIN CAJAS 108 desconectado (timeout)
ch_Alumnos	11/03/2021	12:03:07	ALTA CAJA	ADMIN CAJAS 108 desconectado (timeout)
ch_Alumnos	11/03/2021	12:04:07	ALTA CAJA	ADMIN CAJAS 108 desconectado (timeout)
ch_Alumnos	11/03/2021	12:05:07	ALTA CAJA	ADMIN CAJAS 108 desconectado (timeout)
ch_Alumnos	11/03/2021	12:06:07	ALTA CAJA	ADMIN CAJAS 108 desconectado (timeout)
ch_Alumnos	11/03/2021	12:07:14	ALTA CAJA	ADMIN CAJAS 108 desconectado (timeout)
ch_Alumnos	11/03/2021	12:08:05	ALTA CAJA	ADMIN CAJAS 108 desconectado (timeout)
ch_Alumnos	11/03/2021	12:09:09	ALTA CAJA	ADMIN CAJAS 108 desconectado (timeout)
ch_Alumnos	11/03/2021	12:10:07	ALTA CAJA	ADMIN CAJAS 108 desconectado (timeout)
ch_Alumnos	11/03/2021	12:11:07	ALTA CAJA	ADMIN CAJAS 108 desconectado (timeout)
ch_Alumnos	11/03/2021	12:12:07	ALTA CAJA	ADMIN CAJAS 108 desconectado (timeout)
ch_Alumnos	11/03/2021	12:13:07	ALTA CAJA	ADMIN CAJAS 108 desconectado (timeout)
ch_Alumnos	11/03/2021	12:14:07	ALTA CAJA	ADMIN CAJAS 108 desconectado (timeout)
ch_Alumnos	11/03/2021	12:15:07	ALTA CAJA	ADMIN CAJAS 108 desconectado (timeout)
ch_Alumnos	11/03/2021	12:16:07	ALTA CAJA	ADMIN CAJAS 108 desconectado (timeout)
ch_Alumnos	11/03/2021	12:17:07	ALTA CAJA	ADMIN CAJAS 108 desconectado (timeout)
ch_Alumnos	11/03/2021	12:18:07	ALTA CAJA	ADMIN CAJAS 108 desconectado (timeout)
ch_Alumnos	11/03/2021	12:19:07	ALTA CAJA	ADMIN CAJAS 108 desconectado (timeout)
ch_Alumnos	11/03/2021	12:20:07	ALTA CAJA	ADMIN CAJAS 108 desconectado (timeout)
ch_Alumnos	11/03/2021	12:21:07	ALTA CAJA	ADMIN CAJAS 108 desconectado (timeout)
ch_Alumnos	11/03/2021	12:22:07	ALTA CAJA	ADMIN CAJAS 108 desconectado (timeout)
ch_Alumnos	11/03/2021	12:23:07	ALTA CAJA	ADMIN CAJAS 108 desconectado (timeout)
ch_Alumnos	11/03/2021	12:24:08	ALTA CAJA	ADMIN CAJAS 108 desconectado (timeout)
ch_Alumnos	11/03/2021	12:25:28	ALTA CAJA	ADMIN CAJAS 108 desconectado (timeout)
ch_Alumnos	11/03/2021	12:26:58	ALTA CAJA	ADMIN CAJAS 108 desconectado (timeout)
ch_Alumnos	11/03/2021	12:28:03	ALTA CAJA	ADMIN CAJAS 108 desconectado (timeout)
ch_Alumnos	11/03/2021	12:29:07	ALTA CAJA	ADMIN CAJAS 108 desconectado (timeout)
ch_Alumnos	11/03/2021	12:30:07	ALTA CAJA	ADMIN CAJAS 108 desconectado (timeout)
ch_Alumnos	11/03/2021	12:31:18	ADMIN CAJAS 108	ALTA CAJA desconectado (timeout)
ch_Alumnos	11/03/2021	12:35:08	ALTA CAJA	ADMIN CAJAS 108 desconectado (timeout)
ch_Alumnos	11/03/2021	12:36:08	ALTA CAJA	ADMIN CAJAS 108 desconectado (timeout)
ch_Alumnos	11/03/2021	12:37:08	ALTA CAJA	ADMIN CAJAS 108 desconectado (timeout)
ch_Alumnos	11/03/2021	12:38:08	ALTA CAJA	ADMIN CAJAS 108 desconectado (timeout)
ch_Alumnos	11/03/2021	12:39:06	ALTA CAJA	ADMIN CAJAS 108 desconectado (timeout)
ch_Alumnos	11/03/2021	12:40:06	ALTA CAJA	ADMIN CAJAS 108 desconectado (timeout)
ch_Alumnos	11/03/2021	12:41:06	ALTA CAJA	ADMIN CAJAS 108 desconectado (timeout)
ch_Alumnos	11/03/2021	12:42:04	ALTA CAJA	ADMIN CAJAS 108 desconectado (timeout)
ch_Alumnos	11/03/2021	12:43:07	ALTA CAJA	ADMIN CAJAS 108 desconectado (timeout)
ch_Alumnos	11/03/2021	12:44:06	ALTA CAJA	ADMIN CAJAS 108 desconectado (timeout)
ch_Alumnos	11/03/2021	12:45:06	ALTA CAJA	ADMIN CAJAS 108 desconectado (timeout)
ch_Alumnos	11/03/2021	12:46:06	ALTA CAJA	ADMIN CAJAS 108 desconectado (timeout)
ch_Alumnos	11/03/2021	12:47:08	ALTA CAJA	ADMIN CAJAS 108 desconectado (timeout)
ch_Alumnos	11/03/2021	12:48:08	ALTA CAJA	ADMIN CAJAS 108 desconectado (timeout)
ch_Alumnos	11/03/2021	12:49:08	ALTA CAJA	ADMIN CAJAS 108 desconectado (timeout)
ch_Alumnos	11/03/2021	12:50:08	ALTA CAJA	ADMIN CAJAS 108 desconectado (timeout)
ch_Alumnos	11/03/2021	12:51:08	ALTA CAJA	ADMIN CAJAS 108 desconectado (timeout)
ch_Alumnos	11/03/2021	12:52:52	ALTA CAJA	ADMIN CAJAS 108 desconectado (timeout)
ch_Alumnos	11/03/2021	12:56:02	ALTA CAJA	ADMIN CAJAS 108 desconectado (timeout)
ch_Alumnos	11/03/2021	12:57:08	ALTA CAJA	ADMIN CAJAS 108 desconectado (timeout)
ch_Alumnos	11/03/2021	12:58:08	ALTA CAJA	ADMIN CAJAS 108 desconectado (timeout)
ch_Alumnos	11/03/2021	12:59:06	ALTA CAJA	ADMIN CAJAS 108 desconectado (timeout)
ch_Alumnos	11/03/2021	13:00:06	ALTA CAJA	ADMIN CAJAS 108 desconectado (timeout)
ch_Alumnos	11/03/2021	13:01:06	ALTA CAJA	ADMIN CAJAS 108 desconectado (timeout)
ch_Alumnos	11/03/2021	13:02:06	ALTA CAJA	ADMIN CAJAS 108 desconectado (timeout)
ch_Alumnos	11/03/2021	13:03:06	ALTA CAJA	ADMIN CAJAS 108 desconectado (timeout)
ch_Alumnos	11/03/2021	13:04:06	ALTA CAJA	ADMIN CAJAS 108 desconectado (timeout)
ch_Alumnos	11/03/2021	13:05:06	ALTA CAJA	ADMIN CAJAS 108 desconectado (timeout)
ch_Alumnos	11/03/2021	13:06:06	ALTA CAJA	ADMIN CAJAS 108 desconectado (timeout)
ch_Alumnos	11/03/2021	13:07:08	ALTA CAJA	ADMIN CAJAS 108 desconectado (timeout)
ch_Alumnos	11/03/2021	13:08:04	ALTA CAJA	ADMIN CAJAS 108 desconectado (timeout)
ch_Alumnos	11/03/2021	13:09:05	ALTA CAJA	ADMIN CAJAS 108 desconectado (timeout)
ch_Alumnos	11/03/2021	13:10:09	ALTA CAJA	ADMIN CAJAS 108 desconectado (timeout)
ch_Alumnos	11/03/2021	13:11:09	ALTA CAJA	ADMIN CAJAS 108 desconectado (timeout)
ch_Alumnos	11/03/2021	13:12:09	ALTA CAJA	ADMIN CAJAS 108 desconectado (timeout)
ch_Alumnos	11/03/2021	13:13:09	ALTA CAJA	ADMIN CAJAS 108 desconectado (timeout)
ch_Alumnos	11/03/2021	13:14:09	ALTA CAJA	ADMIN CAJAS 108 desconectado (timeout)
ch_Alumnos	11/03/2021	13:15:09	ALTA CAJA	ADMIN CAJAS 108 desconectado (timeout)
ch_Alumnos	11/03/2021	13:16:09	ALTA CAJA	ADMIN CAJAS 108 desconectado (timeout)
ch_Alumnos	11/03/2021	13:17:09	ALTA CAJA	ADMIN CAJAS 108 desconectado (timeout)
ch_Alumnos	11/03/2021	13:18:09	ALTA CAJA	ADMIN CAJAS 108 desconectado (timeout)
ch_Alumnos	11/03/2021	13:19:09	ALTA CAJA	ADMIN CAJAS 108 desconectado (timeout)
ch_Alumnos	11/03/2021	13:20:09	ALTA CAJA	ADMIN CAJAS 108 desconectado (timeout)
ch_Alumnos	11/03/2021	13:21:09	ALTA CAJA	ADMIN CAJAS 108 desconectado (timeout)
ch_Alumnos	11/03/2021	13:22:09	ALTA CAJA	ADMIN CAJAS 108 desconectado (timeout)
ch_Alumnos	11/03/2021	13:23:06	ALTA CAJA	ADMIN CAJAS 108 desconectado (timeout)
ch_Alumnos	11/03/2021	13:24:09	ALTA CAJA	ADMIN CAJAS 108 desconectado (timeout)
ch_Alumnos	11/03/2021	13:25:09	ALTA CAJA	ADMIN CAJAS 108 desconectado (timeout)
ch_Alumnos	11/03/2021	13:26:09	ALTA CAJA	ADMIN CAJAS 108 desconectado (timeout)
ch_Alumnos	11/03/2021	13:27:08	ALTA CAJA	ADMIN CAJAS 108 desconectado (timeout)
ch_Alumnos	11/03/2021	13:28:09	ALTA CAJA	ADMIN CAJAS 108 desconectado (timeout)
ch_Alumnos	11/03/2021	13:29:07	ALTA CAJA	ADMIN CAJAS 108 desconectado (timeout)
ch_Alumnos	11/03/2021	13:30:23	ADMIN CAJAS 108	ALTA CAJA desconectado (timeout)
ch_Alumnos	11/03/2021	13:35:05	ALTA CAJA	ADMIN CAJAS 108 desconectado (timeout)
ch_Alumnos	11/03/2021	13:36:05	ALTA CAJA	ADMIN CAJAS 108 desconectado (timeout)
ch_Alumnos	11/03/2021	13:37:06	ALTA CAJA	ADMIN CAJAS 108 desconectado (timeout)
ch_Alumnos	11/03/2021	13:38:06	ALTA CAJA	ADMIN CAJAS 108 desconectado (timeout)
ch_Alumnos	11/03/2021	13:39:09	ALTA CAJA	ADMIN CAJAS 108 desconectado (timeout)
ch_Alumnos	11/03/2021	13:40:09	ALTA CAJA	ADMIN CAJAS 108 desconectado (timeout)
ch_Alumnos	11/03/2021	13:41:09	ALTA CAJA	ADMIN CAJAS 108 desconectado (timeout)
ch_Alumnos	11/03/2021	13:42:09	ALTA CAJA	ADMIN CAJAS 108 desconectado (timeout)
ch_Alumnos	11/03/2021	13:43:09	ALTA CAJA	ADMIN CAJAS 108 desconectado (timeout)
ch_Alumnos	11/03/2021	13:44:05	ALTA CAJA	ADMIN CAJAS 108 desconectado (timeout)
ch_Alumnos	11/03/2021	13:45:09	ALTA CAJA	ADMIN CAJAS 108 desconectado (timeout)
ch_Alumnos	11/03/2021	13:46:07	ALTA CAJA	ADMIN CAJAS 108 desconectado (timeout)
ch_Alumnos	11/03/2021	13:47:07	ALTA CAJA	ADMIN CAJAS 108 desconectado (timeout)
ch_Alumnos	11/03/2021	13:48:07	ALTA CAJA	ADMIN CAJAS 108 desconectado (timeout)
ch_Alumnos	11/03/2021	13:49:11	ALTA CAJA	ADMIN CAJAS 108 desconectado (timeout)
ch_Alumnos	11/03/2021	13:50:10	ALTA CAJA	ADMIN CAJAS 108 desconectado (timeout)
ch_Alumnos	11/03/2021	13:51:10	ALTA CAJA	ADMIN CAJAS 108 desconectado (timeout)
ch_Alumnos	11/03/2021	13:52:09	ALTA CAJA	ADMIN CAJAS 108 desconectado (timeout)
ch_Alumnos	11/03/2021	13:53:06	ALTA CAJA	ADMIN CAJAS 108 desconectado (timeout)
ch_Alumnos	11/03/2021	13:54:09	ALTA CAJA	ADMIN CAJAS 108 desconectado (timeout)
ch_Alumnos	11/03/2021	13:55:06	ALTA CAJA	ADMIN CAJAS 108 desconectado (timeout)
ch_Alumnos	11/03/2021	13:56:10	ALTA CAJA	ADMIN CAJAS 108 desconectado (timeout)
ch_Alumnos	11/03/2021	13:57:06	ALTA CAJA	ADMIN CAJAS 108 desconectado (timeout)
ch_Alumnos	11/03/2021	13:58:10	ALTA CAJA	ADMIN CAJAS 108 desconectado (timeout)
ch_Alumnos	11/03/2021	13:59:09	ALTA CAJA	ADMIN CAJAS 108 desconectado (timeout)
ch_Alumnos	11/03/2021	14:00:06	ALTA CAJA	ADMIN CAJAS 108 desconectado (timeout)
ch_Alumnos	11/03/2021	14:01:10	ALTA CAJA	ADMIN CAJAS 108 desconectado (timeout)
ch_Alumnos	11/03/2021	14:02:06	ALTA CAJA	ADMIN CAJAS 108 desconectado (timeout)
ch_Alumnos	11/03/2021	14:03:06	ALTA CAJA	ADMIN CAJAS 108 desconectado (timeout)
ch_Alumnos	11/03/2021	14:04:09	ALTA CAJA	ADMIN CAJAS 108 desconectado (timeout)
ch_Alumnos	11/03/2021	14:05:09	ALTA CAJA	ADMIN CAJAS 108 desconectado (timeout)
ch_Alumnos	11/03/2021	14:06:09	ALTA CAJA	ADMIN CAJAS 108 desconectado (timeout)
ch_Alumnos	11/03/2021	14:07:09	ALTA CAJA	ADMIN CAJAS 108 desconectado (timeout)
ch_Alumnos	11/03/2021	14:08:09	ALTA CAJA	ADMIN CAJAS 108 desconectado (timeout)
ch_Alumnos	11/03/2021	14:09:11	ALTA CAJA	ADMIN CAJAS 108 desconectado (timeout)
ch_Alumnos	11/03/2021	14:10:09	ALTA CAJA	ADMIN CAJAS 108 desconectado (timeout)
ch_Alumnos	11/03/2021	14:11:09	ALTA CAJA	ADMIN CAJAS 108 desconectado (timeout)
ch_Alumnos	11/03/2021	14:12:11	ALTA CAJA	ADMIN CAJAS 108 desconectado (timeout)
ch_Alumnos	11/03/2021	14:13:09	ALTA CAJA	ADMIN CAJAS 108 desconectado (timeout)
ch_Alumnos	11/03/2021	14:14:09	ALTA CAJA	ADMIN CAJAS 108 desconectado (timeout)
ch_Alumnos	11/03/2021	14:15:11	ALTA CAJA	ADMIN CAJAS 108 desconectado (timeout)
ch_Alumnos	11/03/2021	14:16:09	ALTA CAJA	ADMIN CAJAS 108 desconectado (timeout)
ch_Alumnos	11/03/2021	14:17:09	ALTA CAJA	ADMIN CAJAS 108 desconectado (timeout)
ch_Alumnos	11/03/2021	14:18:09	ALTA CAJA	ADMIN CAJAS 108 desconectado (timeout)
ch_Alumnos	11/03/2021	14:19:11	ALTA CAJA	ADMIN CAJAS 108 desconectado (timeout)
ch_Alumnos	11/03/2021	14:20:09	ALTA CAJA	ADMIN CAJAS 108 desconectado (timeout)
ch_Alumnos	11/03/2021	14:21:09	ALTA CAJA	ADMIN CAJAS 108 desconectado (timeout)
ch_Alumnos	11/03/2021	14:22:09	ALTA CAJA	ADMIN CAJAS 108 desconectado (timeout)
ch_Alumnos	11/03/2021	14:23:09	ALTA CAJA	ADMIN CAJAS 108 desconectado (timeout)
ch_Alumnos	11/03/2021	14:24:09	ALTA CAJA	ADMIN CAJAS 108 desconectado (timeout)
ch_Alumnos	11/03/2021	14:25:11	ALTA CAJA	ADMIN CAJAS 108 desconectado (timeout)
ch_Alumnos	11/03/2021	14:26:09	ALTA CAJA	ADMIN CAJAS 108 desconectado (timeout)
ch_Alumnos	11/03/2021	14:27:09	ALTA CAJA	ADMIN CAJAS 108 desconectado (timeout)
ch_Alumnos	11/03/2021	14:28:09	ALTA CAJA	ADMIN CAJAS 108 desconectado (timeout)
ch_Alumnos	11/03/2021	14:29:11	ALTA CAJA	ADMIN CAJAS 108 desconectado (timeout)
ch_Alumnos	11/03/2021	14:30:09	ALTA CAJA	ADMIN CAJAS 108 desconectado (timeout)
ch_Alumnos	11/03/2021	14:31:09	ALTA CAJA	ADMIN CAJAS 108 desconectado (timeout)
ch_Alumnos	11/03/2021	14:32:09	ALTA CAJA	ADMIN CAJAS 108 desconectado (timeout)
ch_Alumnos	11/03/2021	14:33:09	ALTA CAJA	ADMIN CAJAS 108 desconectado (timeout)
ch_Alumnos	11/03/2021	14:34:09	ALTA CAJA	ADMIN CAJAS 108 desconectado (timeout)
ch_Alumnos	11/03/2021	14:35:09	ALTA CAJA	ADMIN CAJAS 108 desconectado (timeout)
ch_Alumnos	11/03/2021	14:36:09	ALTA CAJA	ADMIN CAJAS 108 desconectado (timeout)
ch_Alumnos	11/03/2021	14:37:09	ALTA CAJA	ADMIN CAJAS 108 desconectado (timeout)
ch_Alumnos	11/03/2021	14:38:09	ALTA CAJA	ADMIN CAJAS 108 desconectado (timeout)
ch_Alumnos	11/03/2021	14:39:09	ALTA CAJA	ADMIN CAJAS 108 desconectado (timeout)
ch_Alumnos	11/03/2021	14:40:09	ALTA CAJA	ADMIN CAJAS 108 desconectado (timeout)
ch_Alumnos	11/03/2021	14:41:09	ALTA CAJA	ADMIN CAJAS 108 desconectado (timeout)
ch_Alumnos	11/03/2021	14:42:09	ALTA CAJA	ADMIN CAJAS 108 desconectado (timeout)
ch_Alumnos	11/03/2021	14:43:11	ALTA CAJA	ADMIN CAJAS 108 desconectado (timeout)
ch_Alumnos	11/03/2021	14:44:09	ALTA CAJA	ADMIN CAJAS 108 desconectado (timeout)
ch_Alumnos	11/03/2021	14:45:09	ALTA CAJA	ADMIN CAJAS 108 desconectado (timeout)
ch_Alumnos	11/03/2021	14:46:11	ALTA CAJA	ADMIN CAJAS 108 desconectado (timeout)
ch_Alumnos	11/03/2021	14:47:09	ALTA CAJA	ADMIN CAJAS 108 desconectado (timeout)
ch_Alumnos	11/03/2021	14:48:09	ALTA CAJA	ADMIN CAJAS 108 desconectado (timeout)
ch_Alumnos	11/03/2021	14:49:09	ALTA CAJA	ADMIN CAJAS 108 desconectado (timeout)
ch_Alumnos	11/03/2021	14:50:06	ALTA CAJA	ADMIN CAJAS 108 desconectado (timeout)
ch_Alumnos	11/03/2021	14:51:09	ALTA CAJA	ADMIN CAJAS 108 desconectado (timeout)
ch_Alumnos	11/03/2021	14:52:09	ALTA CAJA	ADMIN CAJAS 108 desconectado (timeout)
ch_Alumnos	11/03/2021	14:53:09	ALTA CAJA	ADMIN CAJAS 108 desconectado (timeout)
ch_Alumnos	11/03/2021	14:54:09	ALTA CAJA	ADMIN CAJAS 108 desconectado (timeout)
ch_Alumnos	11/03/2021	14:55:09	ALTA CAJA	ADMIN CAJAS 108 desconectado (timeout)
ch_Alumnos	11/03/2021	14:56:09	ALTA CAJA	ADMIN CAJAS 108 desconectado (timeout)
ch_Alumnos	11/03/2021	14:57:11	ALTA CAJA	ADMIN CAJAS 108 desconectado (timeout)
ch_Alumnos	11/03/2021	14:58:09	ALTA CAJA	ADMIN CAJAS 108 desconectado (timeout)
ch_Alumnos	11/03/2021	14:59:09	ALTA CAJA	ADMIN CAJAS 108 desconectado (timeout)
ch_Alumnos	11/03/2021	15:00:11	ALTA CAJA	ADMIN CAJAS 108 desconectado (timeout)
ch_Alumnos	11/03/2021	15:01:09	ALTA CAJA	ADMIN CAJAS 108 desconectado (timeout)
ch_Alumnos	11/03/2021	15:02:09	ALTA CAJA	ADMIN CAJAS 108 desconectado (timeout)
ch_Alumnos	11/03/2021	15:03:11	ALTA CAJA	ADMIN CAJAS 108 desconectado (timeout)
ch_Alumnos	11/03/2021	15:04:11	ALTA CAJA	ADMIN CAJAS 108 desconectado (timeout)
ch_Alumnos	11/03/2021	15:05:11	ALTA CAJA	ADMIN CAJAS 108 desconectado (timeout)
ch_Alumnos	11/03/2021	15:06:11	ALTA CAJA	ADMIN CAJAS 108 desconectado (timeout)
ch_Alumnos	11/03/2021	15:07:09	ALTA CAJA	ADMIN CAJAS 108 desconectado (timeout)
ch_Alumnos	11/03/2021	15:08:09	ALTA CAJA	ADMIN CAJAS 108 desconectado (timeout)
ch_Alumnos	11/03/2021	15:09:09	ALTA CAJA	ADMIN CAJAS 108 desconectado (timeout)
ch_Alumnos	11/03/2021	15:10:09	ALTA CAJA	ADMIN CAJAS 108 desconectado (timeout)
ch_Alumnos	11/03/2021	15:11:09	ALTA CAJA	ADMIN CAJAS 108 desconectado (timeout)
ch_Alumnos	11/03/2021	15:12:09	ALTA CAJA	ADMIN CAJAS 108 desconectado (timeout)
ch_Alumnos	11/03/2021	15:13:09	ALTA CAJA	ADMIN CAJAS 108 desconectado (timeout)
ch_Alumnos	11/03/2021	15:14:09	ALTA CAJA	ADMIN CAJAS 108 desconectado (timeout)
ch_Alumnos	11/03/2021	15:15:09	ALTA CAJA	ADMIN CAJAS 108 desconectado (timeout)
ch_Alumnos	11/03/2021	15:16:09	ALTA CAJA	ADMIN CAJAS 108 desconectado (timeout)
ch_Alumnos	11/03/2021	15:17:09	ALTA CAJA	ADMIN CAJAS 108 desconectado (timeout)
ch_Alumnos	11/03/2021	15:18:09	ALTA CAJA	ADMIN CAJAS 108 desconectado (timeout)
ch_Alumnos	11/03/2021	15:19:09	ALTA CAJA	ADMIN CAJAS 108 desconectado (timeout)
ch_Alumnos	11/03/2021	15:20:11	ALTA CAJA	ADMIN CAJAS 108 desconectado (timeout)
ch_Alumnos	11/03/2021	15:21:09	ALTA CAJA	ADMIN CAJAS 108 desconectado (timeout)
ch_Alumnos	11/03/2021	15:22:09	ALTA CAJA	ADMIN CAJAS 108 desconectado (timeout)
ch_Alumnos	11/03/2021	15:23:09	ALTA CAJA	ADMIN CAJAS 108 desconectado (timeout)
ch_Alumnos	11/03/2021	15:24:06	ALTA CAJA	ADMIN CAJAS 108 desconectado (timeout)
ch_Alumnos	11/03/2021	15:25:06	ALTA CAJA	ADMIN CAJAS 108 desconectado (timeout)
ch_Alumnos	11/03/2021	15:26:07	ALTA CAJA	ADMIN CAJAS 108 desconectado (timeout)
ch_Alumnos	11/03/2021	15:27:07	ALTA CAJA	ADMIN CAJAS 108 desconectado (timeout)
ch_Alumnos	11/03/2021	15:28:08	ALTA CAJA	ADMIN CAJAS 108 desconectado (timeout)
ch_Alumnos	11/03/2021	15:29:09	ALTA CAJA	ADMIN CAJAS 108 desconectado (timeout)
ch_Alumnos	11/03/2021	15:30:09	ALTA CAJA	ADMIN CAJAS 108 desconectado (timeout)
ch_Alumnos	11/03/2021	15:31:09	ALTA CAJA	ADMIN CAJAS 108 desconectado (timeout)
ch_Alumnos	11/03/2021	15:32:09	ALTA CAJA	ADMIN CAJAS 108 desconectado (timeout)
ch_Alumnos	11/03/2021	15:33:09	ALTA CAJA	ADMIN CAJAS 108 desconectado (timeout)
ch_Alumnos	11/03/2021	15:34:09	ALTA CAJA	ADMIN CAJAS 108 desconectado (timeout)
ch_Alumnos	11/03/2021	15:35:11	ALTA CAJA	ADMIN CAJAS 108 desconectado (timeout)
ch_Alumnos	11/03/2021	15:36:11	ALTA CAJA	ADMIN CAJAS 108 desconectado (timeout)
ch_Alumnos	11/03/2021	15:37:09	ALTA CAJA	ADMIN CAJAS 108 desconectado (timeout)
ch_Alumnos	11/03/2021	15:38:09	ALTA CAJA	ADMIN CAJAS 108 desconectado (timeout)
ch_Alumnos	11/03/2021	15:39:09	ALTA CAJA	ADMIN CAJAS 108 desconectado (timeout)
ch_Alumnos	11/03/2021	15:40:06	ALTA CAJA	ADMIN CAJAS 108 desconectado (timeout)
ch_Alumnos	11/03/2021	15:41:09	ALTA CAJA	ADMIN CAJAS 108 desconectado (timeout)
ch_Alumnos	11/03/2021	15:42:09	ALTA CAJA	ADMIN CAJAS 108 desconectado (timeout)
ch_Alumnos	11/03/2021	15:43:07	ALTA CAJA	ADMIN CAJAS 108 desconectado (timeout)
ch_Alumnos	11/03/2021	15:44:10	ALTA CAJA	ADMIN CAJAS 108 desconectado (timeout)
ch_Alumnos	11/03/2021	15:52:11	ALTA CAJA	ADMIN CAJAS 108 desconectado (timeout)
ch_Alumnos	11/03/2021	15:53:11	ALTA CAJA	ADMIN CAJAS 108 desconectado (timeout)
ch_Alumnos	11/03/2021	15:54:08	ALTA CAJA	ADMIN CAJAS 108 desconectado (timeout)
ch_Alumnos	11/03/2021	15:55:11	ALTA CAJA	ADMIN CAJAS 108 desconectado (timeout)
ch_Alumnos	11/03/2021	15:56:11	ALTA CAJA	ADMIN CAJAS 108 desconectado (timeout)
ch_Alumnos	11/03/2021	15:57:08	ALTA CAJA	ADMIN CAJAS 108 desconectado (timeout)
ch_Alumnos	11/03/2021	15:58:11	ALTA CAJA	ADMIN CAJAS 108 desconectado (timeout)
ch_Alumnos	11/03/2021	15:59:11	ALTA CAJA	ADMIN CAJAS 108 desconectado (timeout)
ch_Alumnos	11/03/2021	16:00:11	ALTA CAJA	ADMIN CAJAS 108 desconectado (timeout)
ch_Alumnos	11/03/2021	16:01:11	ALTA CAJA	ADMIN CAJAS 108 desconectado (timeout)
ch_Alumnos	11/03/2021	16:02:11	ALTA CAJA	ADMIN CAJAS 108 desconectado (timeout)
ch_Alumnos	11/03/2021	16:03:11	ALTA CAJA	ADMIN CAJAS 108 desconectado (timeout)
ch_Alumnos	11/03/2021	16:04:11	ALTA CAJA	ADMIN CAJAS 108 desconectado (timeout)
ch_Alumnos	11/03/2021	16:05:11	ALTA CAJA	ADMIN CAJAS 108 desconectado (timeout)
ch_Alumnos	11/03/2021	16:06:11	ALTA CAJA	ADMIN CAJAS 108 desconectado (timeout)
ch_Alumnos	11/03/2021	16:07:11	ALTA CAJA	ADMIN CAJAS 108 desconectado (timeout)
ch_Alumnos	11/03/2021	16:08:11	ALTA CAJA	ADMIN CAJAS 108 desconectado (timeout)
ch_Alumnos	11/03/2021	16:09:08	ALTA CAJA	ADMIN CAJAS 108 desconectado (timeout)
ch_Alumnos	11/03/2021	16:10:11	ALTA CAJA	ADMIN CAJAS 108 desconectado (timeout)
ch_Alumnos	11/03/2021	16:11:55	ALTA CAJA	ADMIN CAJAS 108 desconectado (timeout)
ch_Alumnos	11/03/2021	16:14:55	ALTA CAJA	ADMIN CAJAS 108 desconectado (timeout)
ch_Alumnos	11/03/2021	16:16:07	ALTA CAJA	ADMIN CAJAS 108 desconectado (timeout)
ch_Alumnos	11/03/2021	16:17:09	ALTA CAJA	ADMIN CAJAS 108 desconectado (timeout)
ch_Alumnos	11/03/2021	16:18:08	ALTA CAJA	ADMIN CAJAS 108 desconectado (timeout)
ch_Alumnos	11/03/2021	16:19:05	ALTA CAJA	ADMIN CAJAS 108 desconectado (timeout)
ch_Alumnos	11/03/2021	16:20:06	ALTA CAJA	ADMIN CAJAS 108 desconectado (timeout)
ch_Alumnos	11/03/2021	16:21:09	ALTA CAJA	ADMIN CAJAS 108 desconectado (timeout)
ch_Alumnos	17/03/2021	11:48:39		ADMIN CAJAS 108 se une a Alumnos
ch_Alumnos	18/03/2021	10:57:48		LISSETTE LORENA se une a Alumnos
ch_Alumnos	18/03/2021	13:54:34		LISSETTE LORENA se une a Alumnos
ch_Alumnos	19/03/2021	15:59:18		ADMIN CAJAS 108 se une a Alumnos
ch_Alumnos	23/03/2021	10:15:55		ADMIN CAJAS 108 se une a Alumnos
ch_Alumnos	23/03/2021	14:08:36		ADMIN CAJAS 108 se une a Alumnos
ch_Alumnos	23/03/2021	14:08:54	ADMIN CAJAS 108	BUENAS TARDES 
ch_Alumnos	23/03/2021	14:09:26	ADMIN CAJAS 108	NO ME APARECEN LOS MODULOS
ch_Alumnos	16/04/2021	16:09:37		ADMIN CAJAS 108 se une a Alumnos
ch_Alumnos	12/05/2021	10:45:16		GUADALUPE CONCE se une a Alumnos
ch_Alumnos	13/05/2021	18:52:14		jose carlos cha se une a Alumnos
ch_Alumnos	22/05/2021	09:28:51		ADMIN CAJAS 108 se une a Alumnos
ch_Alumnos	12/06/2021	08:53:02		ADMIN CAJAS 108 se une a Alumnos
ch_Alumnos	16/06/2021	11:43:27		ADMIN CAJAS 108 se une a Alumnos
ch_Alumnos	16/06/2021	14:37:29		ADMIN CAJAS 108 se une a Alumnos
ch_Alumnos	11/08/2021	09:28:18		ADMIN CAJAS 113 se une a Alumnos
ch_Alumnos	11/08/2021	09:28:39	ADMIN CAJAS 113	hola buen dia 
ch_Alumnos	11/08/2021	09:29:25	ADMIN CAJAS 113	al momento de seleccionar los modulos solo se quedan cargando y no abre ningun archivo 
