ch_Alumnos	22/09/2017	16:01:54		Alumno198 se une a Alumnos
ch_Alumnos	22/09/2017	16:48:42		Alumno Licencia se une a Alumnos
ch_Alumnos	22/09/2017	18:32:22		desarrollo de p se une a Alumnos
ch_Alumnos	23/09/2017	16:49:38		desarrollo de p se une a Alumnos
ch_Alumnos	23/09/2017	18:15:37		desarrollo de p se une a Alumnos
ch_Alumnos	23/09/2017	18:17:08		desarrollo de p se une a Alumnos
ch_Alumnos	23/09/2017	18:27:45		desarrollo de p se une a Alumnos
ch_Alumnos	25/09/2017	15:37:00		desarrollo de p se une a Alumnos
ch_Alumnos	25/09/2017	15:48:34		desarrollo de p se une a Alumnos
ch_Alumnos	26/09/2017	15:53:52		desarrollo de p se une a Alumnos
ch_Alumnos	26/09/2017	17:35:45		desarrollo de p se une a Alumnos
ch_Alumnos	27/09/2017	14:30:20		desarrollo de p se une a Alumnos
ch_Alumnos	27/09/2017	16:07:08		Nelson Amparan se une a Alumnos
ch_Alumnos	27/09/2017	16:10:42	desarrollo de p	Nelson Amparan desconectado (timeout)
ch_Alumnos	27/09/2017	16:14:48	desarrollo de p	Nelson Amparan desconectado (timeout)
ch_Alumnos	27/09/2017	16:16:24	desarrollo de p	Nelson Amparan desconectado (timeout)
ch_Alumnos	27/09/2017	16:26:33	Nelson Amparan	desarrollo de p desconectado (timeout)
ch_Alumnos	27/09/2017	16:27:16	Nelson Amparan	desarrollo de p desconectado (timeout)
ch_Alumnos	27/09/2017	16:28:04	Nelson Amparan	desarrollo de p desconectado (timeout)
ch_Alumnos	27/09/2017	16:30:37	desarrollo de p	Nelson Amparan desconectado (timeout)
ch_Alumnos	27/09/2017	16:39:58	Nelson Amparan	desarrollo de p desconectado (timeout)
ch_Alumnos	27/09/2017	19:07:42		desarrollo de p se une a Alumnos
ch_Alumnos	27/09/2017	19:10:44	Nelson Amparan	desarrollo de p desconectado (timeout)
ch_Alumnos	27/09/2017	19:34:21	desarrollo de p	Nelson Amparan desconectado (timeout)
ch_Alumnos	27/09/2017	23:26:39		desarrollo de p se une a Alumnos
ch_Alumnos	27/09/2017	23:29:27		Nelson Amparan se une a Alumnos
ch_Alumnos	28/09/2017	00:57:22		desarrollo de p se une a Alumnos
ch_Alumnos	28/09/2017	14:43:26		desarrollo de p se une a Alumnos
ch_Alumnos	28/09/2017	15:22:42		desarrollo de p se une a Alumnos
ch_Alumnos	28/09/2017	15:35:07		desarrollo de p se une a Alumnos
ch_Alumnos	23/10/2017	22:41:45		Cesar Ibarra se une a Alumnos
ch_Alumnos	21/12/2017	16:48:05		Cesar Ibarra se une a Alumnos
ch_Alumnos	18/01/2018	19:28:42		Prueba Prueba se une a Alumnos
ch_Alumnos	18/01/2018	19:56:58		desarrollo de p se une a Alumnos
ch_Alumnos	18/01/2018	22:06:44		Cesar Ibarra se une a Alumnos
ch_Alumnos	18/01/2018	23:22:23		Cesar Ibarra se une a Alumnos
ch_Alumnos	20/01/2018	00:26:56		Cesar Ibarra se une a Alumnos
ch_Alumnos	22/01/2018	17:53:44		Cesar Ibarra se une a Alumnos
ch_Alumnos	24/09/2018	12:51:49		Nelson Amparán se une a Alumnos
ch_Alumnos	24/09/2018	14:41:18		Nelson Amparán se une a Alumnos
ch_Alumnos	24/09/2018	14:41:23		RUBEN ANGEL SAN se une a Alumnos
ch_Alumnos	24/09/2018	14:42:07	Nelson Amparán	RUBEN ANGEL SAN desconectado (timeout)
ch_Alumnos	24/09/2018	14:42:48	RUBEN ANGEL SAN	Nelson Amparán desconectado (timeout)
ch_Alumnos	24/09/2018	14:42:56	RUBEN ANGEL SAN	holaa
ch_Alumnos	24/09/2018	14:47:55		Nelson Amparán se une a Alumnos
ch_Alumnos	24/09/2018	14:48:25		JUAN FRANCISCO se une a Alumnos
ch_Alumnos	24/09/2018	14:49:02	JUAN FRANCISCO	Nelson Amparán desconectado (timeout)
