ch_Alumnos	20/09/2017	18:30:15		Alumno135 se une a Alumnos
ch_Alumnos	21/09/2017	21:15:07		Nelson Amparan se une a Alumnos
ch_Alumnos	22/09/2017	00:39:40		Alumno61 se une a Alumnos
ch_Alumnos	22/09/2017	15:26:19		Alumno159 se une a Alumnos
ch_Alumnos	22/09/2017	15:41:36		Alumno163 se une a Alumnos
ch_Alumnos	25/09/2017	14:37:46		Nelson Amparan se une a Alumnos
ch_Alumnos	27/09/2017	16:03:29		alumno ag2 prue se une a Alumnos
ch_Alumnos	27/09/2017	17:19:06		alumno ag2 prue se une a Alumnos
ch_Alumnos	28/09/2017	16:19:48		alumno ag2 prue se une a Alumnos
ch_Alumnos	28/09/2017	18:33:42		Nelson Amparan se une a Alumnos
ch_Alumnos	28/09/2017	18:34:21	alumno ag2 prue	Nelson Amparan desconectado (timeout)
ch_Alumnos	10/10/2017	18:54:23		Cesar Ibarra se une a Alumnos
ch_Alumnos	11/10/2017	00:13:03		Alumno28 se une a Alumnos
ch_Alumnos	11/10/2017	02:55:12		Cesar Ibarra se une a Alumnos
ch_Alumnos	28/08/2019	09:32:41		Cesar Ibarra se une a Alumnos
ch_Alumnos	28/09/2019	11:24:58		Nelson Amparan se une a Alumnos
ch_Alumnos	12/11/2019	12:10:47		Nelson Amparan se une a Alumnos
ch_Alumnos	13/11/2019	10:43:17		Nelson Amparan se une a Alumnos
ch_Alumnos	13/11/2019	11:32:37		Nelson Amparan se une a Alumnos
ch_Alumnos	13/11/2019	11:45:37		Nelson Amparan se une a Alumnos
ch_Alumnos	13/11/2019	14:59:16		Nelson Amparan se une a Alumnos
ch_Alumnos	13/11/2019	15:34:50		Nelson Amparan se une a Alumnos
ch_Alumnos	13/11/2019	17:25:48		Nelson se une a Alumnos
ch_Alumnos	13/11/2019	17:26:13	Nelson	
ch_Alumnos	13/11/2019	17:26:16	Nelson	fasdfasdfsdf
ch_Alumnos	13/11/2019	17:26:20	Nelson	sadfasdfasdf
ch_Alumnos	13/11/2019	17:27:21	Nelson Amparan	Nelson desconectado (timeout)
ch_Alumnos	13/11/2019	17:28:06	Nelson Amparan	Nelson desconectado (timeout)
