ch_Alumnos	30/10/2017	14:53:21		Nelson Amparán se une a Alumnos
ch_Alumnos	06/11/2017	18:20:07		Cesar Ibarra se une a Alumnos
ch_Alumnos	04/12/2017	19:51:31		UCL se une a Alumnos
ch_Alumnos	07/12/2017	19:18:32		UCL se une a Alumnos
ch_Alumnos	08/12/2017	20:11:48		UCL se une a Alumnos
ch_Alumnos	03/01/2018	16:22:24		UCL se une a Alumnos
ch_Alumnos	04/01/2018	16:08:45		UCL se une a Alumnos
ch_Alumnos	04/01/2018	16:22:06		UCL se une a Alumnos
ch_Alumnos	04/01/2018	17:35:36		UCL se une a Alumnos
ch_Alumnos	04/01/2018	23:53:58		UCL se une a Alumnos
ch_Alumnos	08/01/2018	17:07:43		UCL se une a Alumnos
ch_Alumnos	09/01/2018	15:51:45		UCL se une a Alumnos
ch_Alumnos	09/01/2018	17:24:24		UCL se une a Alumnos
ch_Alumnos	09/01/2018	23:50:01		UCL se une a Alumnos
ch_Alumnos	10/01/2018	01:00:05		UCL se une a Alumnos
ch_Alumnos	10/01/2018	19:00:03		UCL se une a Alumnos
ch_Alumnos	10/01/2018	19:55:54		UCL se une a Alumnos
ch_Alumnos	26/02/2018	19:24:30		Alumno176 se une a Alumnos
ch_Alumnos	27/02/2018	05:59:02		Alumno176 se une a Alumnos
ch_Alumnos	07/03/2018	16:57:24		UCL se une a Alumnos
ch_Alumnos	14/03/2018	18:00:37		Admin User se une a Alumnos
ch_Alumnos	14/03/2018	18:55:10		Admin User se une a Alumnos
ch_Alumnos	15/03/2018	17:39:17		Admin User se une a Alumnos
ch_Alumnos	16/03/2018	16:08:54		Admin User se une a Alumnos
ch_Alumnos	22/03/2018	20:24:36		Admin User se une a Alumnos
ch_Alumnos	23/03/2018	00:11:32		Admin Cajas 105 se une a Alumnos
ch_Alumnos	23/03/2018	17:06:00		Nelson Amparán se une a Alumnos
ch_Alumnos	26/03/2018	15:17:24		Nelson Amparán se une a Alumnos
ch_Alumnos	26/03/2018	17:36:57		UCL se une a Alumnos
ch_Alumnos	02/04/2018	19:28:05		Nelson Amparán se une a Alumnos
ch_Alumnos	12/04/2018	17:18:13		Admin User se une a Alumnos
ch_Alumnos	16/04/2018	17:26:02		Admin User se une a Alumnos
ch_Alumnos	25/04/2018	17:59:42		UCL se une a Alumnos
ch_Alumnos	27/04/2018	16:27:31		UCL se une a Alumnos
ch_Alumnos	04/05/2018	15:46:09		Admin User se une a Alumnos
ch_Alumnos	04/05/2018	16:42:28		Admin User se une a Alumnos
ch_Alumnos	08/05/2018	14:15:09		Nelson Amparán se une a Alumnos
ch_Alumnos	08/05/2018	15:56:41		Nelson Amparán se une a Alumnos
ch_Alumnos	08/05/2018	21:49:38		UCL se une a Alumnos
ch_Alumnos	08/05/2018	22:06:33		UCL se une a Alumnos
ch_Alumnos	08/05/2018	22:56:07		UCL se une a Alumnos
ch_Alumnos	14/05/2018	21:22:51		UCL se une a Alumnos
ch_Alumnos	18/05/2018	14:59:40		UCL se une a Alumnos
ch_Alumnos	21/05/2018	19:08:35		Admin User se une a Alumnos
ch_Alumnos	23/05/2018	22:54:49		UCL se une a Alumnos
ch_Alumnos	24/05/2018	17:49:04		UCL se une a Alumnos
ch_Alumnos	25/05/2018	14:31:07		UCL se une a Alumnos
ch_Alumnos	25/05/2018	16:20:30		UCL se une a Alumnos
ch_Alumnos	01/06/2018	16:30:11		UCL se une a Alumnos
ch_Alumnos	01/06/2018	19:16:11		UCL se une a Alumnos
ch_Alumnos	01/06/2018	20:16:01		NELSON AMPARAN se une a Alumnos
ch_Alumnos	04/06/2018	21:25:54		UCL se une a Alumnos
ch_Alumnos	05/06/2018	16:41:35		NELSON AMPARAN se une a Alumnos
ch_Alumnos	05/06/2018	18:57:02		Alumno126 se une a Alumnos
ch_Alumnos	06/06/2018	16:02:15		NELSON AMPARAN se une a Alumnos
ch_Alumnos	07/06/2018	16:34:14		Alumno2 se une a Alumnos
ch_Alumnos	07/06/2018	18:41:22		Alumno2 se une a Alumnos
ch_Alumnos	08/06/2018	16:38:37		Alumno74 se une a Alumnos
ch_Alumnos	11/06/2018	20:29:26		UCL se une a Alumnos
ch_Alumnos	12/06/2018	16:02:36		Alumno150 se une a Alumnos
ch_Alumnos	12/06/2018	17:34:01		UCL se une a Alumnos
ch_Alumnos	12/06/2018	17:50:11		Alumno44 se une a Alumnos
ch_Alumnos	12/06/2018	20:02:21		UCL se une a Alumnos
ch_Alumnos	13/06/2018	18:56:34		Alumno75 se une a Alumnos
ch_Alumnos	13/06/2018	22:43:03		NELSON AMPARAN se une a Alumnos
ch_Alumnos	14/06/2018	16:15:19		Alumno148 se une a Alumnos
ch_Alumnos	15/06/2018	15:01:55		UCL se une a Alumnos
ch_Alumnos	15/06/2018	15:42:25		UCL se une a Alumnos
ch_Alumnos	15/06/2018	16:00:32		UCL se une a Alumnos
ch_Alumnos	15/06/2018	17:36:27		Alumno7 se une a Alumnos
ch_Alumnos	15/06/2018	17:47:11		UCL se une a Alumnos
ch_Alumnos	15/06/2018	23:48:00		ADMIN CAJAS 100 se une a Alumnos
ch_Alumnos	19/06/2018	17:16:03		UCL se une a Alumnos
ch_Alumnos	19/06/2018	17:38:25		UCL se une a Alumnos
ch_Alumnos	19/06/2018	18:37:41		ARTURO TORRES C se une a Alumnos
ch_Alumnos	20/06/2018	15:25:04		Alumno151 se une a Alumnos
ch_Alumnos	21/06/2018	16:40:16		UCL se une a Alumnos
ch_Alumnos	22/06/2018	16:04:44		UCL se une a Alumnos
ch_Alumnos	25/06/2018	15:32:08		UCL se une a Alumnos
ch_Alumnos	02/07/2018	16:04:54		UCL se une a Alumnos
ch_Alumnos	03/07/2018	21:58:07		UCL se une a Alumnos
ch_Alumnos	03/07/2018	23:36:10		UCL se une a Alumnos
ch_Alumnos	03/07/2018	23:38:36		UCL se une a Alumnos
ch_Alumnos	04/07/2018	14:41:19		UCL se une a Alumnos
ch_Alumnos	04/07/2018	14:42:47		UCL se une a Alumnos
ch_Alumnos	05/07/2018	14:43:03		UCL se une a Alumnos
ch_Alumnos	06/07/2018	10:51:13		UCL se une a Alumnos
ch_Alumnos	10/07/2018	12:27:44		UCL se une a Alumnos
ch_Alumnos	13/07/2018	13:50:30		NELSON AMPARAN se une a Alumnos
ch_Alumnos	17/07/2018	11:13:44		UCL se une a Alumnos
ch_Alumnos	27/07/2018	15:10:12		NELSON AMPARAN se une a Alumnos
ch_Alumnos	02/08/2018	09:18:13		UCL se une a Alumnos
ch_Alumnos	02/08/2018	11:59:28		UCL se une a Alumnos
ch_Alumnos	03/08/2018	15:45:47		UCL se une a Alumnos
ch_Alumnos	03/08/2018	15:56:58		UCL se une a Alumnos
ch_Alumnos	07/08/2018	11:25:53		NELSON AMPARAN se une a Alumnos
ch_Alumnos	07/08/2018	11:26:20	NELSON AMPARAN	hola
ch_Alumnos	21/08/2018	16:28:45		NELSON AMPARAN se une a Alumnos
ch_Alumnos	22/08/2018	17:04:09		NELSON AMPARAN se une a Alumnos
ch_Alumnos	05/09/2018	11:10:16		ESAU EMMANUEL A se une a Alumnos
ch_Alumnos	05/09/2018	16:00:46		EDDA ESMERALDA se une a Alumnos
ch_Alumnos	05/09/2018	16:11:11		JOSE FRANCISCO se une a Alumnos
ch_Alumnos	06/09/2018	08:49:55		DOMINGO GONZALE se une a Alumnos
ch_Alumnos	11/09/2018	12:36:50		ADMIN CAJAS 105 se une a Alumnos
ch_Alumnos	12/09/2018	11:29:18		ADMIN CAJAS 105 se une a Alumnos
ch_Alumnos	14/09/2018	15:43:15		NELSON AMPARAN se une a Alumnos
ch_Alumnos	24/09/2018	11:49:03		ADMIN CAJAS 108 se une a Alumnos
ch_Alumnos	25/09/2018	09:18:20		NELSON AMPARAN se une a Alumnos
ch_Alumnos	02/10/2018	09:38:28		NELSON AMPARAN se une a Alumnos
ch_Alumnos	05/10/2018	15:56:15		ADMIN CAJAS 100 se une a Alumnos
ch_Alumnos	08/10/2018	11:06:12		ADMIN CAJAS 100 se une a Alumnos
ch_Alumnos	09/10/2018	08:10:50		ADMIN CAJAS 108 se une a Alumnos
ch_Alumnos	20/04/2019	16:00:59		Alumno173 se une a Alumnos
ch_Alumnos	20/04/2019	16:32:10		Alumno98 se une a Alumnos
ch_Alumnos	20/04/2019	17:17:51		Alumno55 se une a Alumnos
ch_Alumnos	20/04/2019	17:22:29		Alumno177 se une a Alumnos
ch_Alumnos	20/04/2019	17:26:28		Alumno153 se une a Alumnos
ch_Alumnos	20/04/2019	17:27:44		Alumno46 se une a Alumnos
ch_Alumnos	20/04/2019	17:37:50		Alumno108 se une a Alumnos
ch_Alumnos	20/04/2019	18:13:37		Alumno46 se une a Alumnos
ch_Alumnos	20/04/2019	18:38:13		Alumno58 se une a Alumnos
ch_Alumnos	20/04/2019	18:42:40		Alumno144 se une a Alumnos
ch_Alumnos	20/04/2019	19:24:04		Alumno169 se une a Alumnos
ch_Alumnos	20/04/2019	20:21:21		Alumno167 se une a Alumnos
ch_Alumnos	20/04/2019	21:41:12		Alumno6 se une a Alumnos
ch_Alumnos	21/04/2019	00:23:57		Alumno119 se une a Alumnos
ch_Alumnos	21/04/2019	14:33:27		Alumno170 se une a Alumnos
ch_Alumnos	21/04/2019	14:50:22		Alumno148 se une a Alumnos
ch_Alumnos	21/04/2019	15:10:48		Alumno99 se une a Alumnos
ch_Alumnos	21/04/2019	16:08:44		Alumno29 se une a Alumnos
ch_Alumnos	21/04/2019	17:02:38		Alumno63 se une a Alumnos
ch_Alumnos	21/04/2019	17:19:23		Alumno39 se une a Alumnos
ch_Alumnos	21/04/2019	18:31:58		Alumno113 se une a Alumnos
ch_Alumnos	21/04/2019	18:36:04		Alumno194 se une a Alumnos
ch_Alumnos	21/04/2019	19:09:23		Alumno38 se une a Alumnos
ch_Alumnos	21/04/2019	20:23:22		Alumno75 se une a Alumnos
ch_Alumnos	21/04/2019	22:34:37		Alumno64 se une a Alumnos
ch_Alumnos	21/04/2019	23:27:58		Alumno126 se une a Alumnos
ch_Alumnos	22/04/2019	01:30:16		Alumno54 se une a Alumnos
ch_Alumnos	22/04/2019	05:55:51		Alumno126 se une a Alumnos
ch_Alumnos	22/04/2019	07:04:35		Alumno176 se une a Alumnos
ch_Alumnos	22/04/2019	07:23:26		Alumno134 se une a Alumnos
ch_Alumnos	22/04/2019	10:09:11		Alumno2 se une a Alumnos
ch_Alumnos	22/04/2019	10:12:57		Alumno76 se une a Alumnos
ch_Alumnos	22/04/2019	10:15:56		Alumno157 se une a Alumnos
ch_Alumnos	22/04/2019	10:23:43		Alumno131 se une a Alumnos
ch_Alumnos	09/09/2019	16:59:29		LUIS ALBERTO CA se une a Alumnos
ch_Alumnos	07/06/2020	21:33:47		NANCY YAMILETH se une a Alumnos
ch_Alumnos	29/07/2020	15:30:33		ALICIA ALEJANDR se une a Alumnos
ch_Alumnos	09/03/2021	16:00:03		Alumno129 se une a Alumnos
